<?xml version="1.0" encoding="UTF-8" ?>
<testsuites name="vitest tests" tests="108" failures="0" errors="0" time="14.578294108">
    <testsuite name="tests/components/EditorStatusBar.test.jsx" timestamp="2025-02-13T10:05:04.746Z" hostname="Ali-Laptop" tests="1" failures="0" errors="0" skipped="0" time="0.098167829">
        <testcase classname="tests/components/EditorStatusBar.test.jsx" name="EditorStatusBar &gt; Rendering &gt; renders all editor options" time="0.096579491">
        </testcase>
    </testsuite>
    <testsuite name="tests/components/Header.test.jsx" timestamp="2025-02-13T10:05:04.748Z" hostname="Ali-Laptop" tests="10" failures="0" errors="0" skipped="0" time="1.379458077">
        <testcase classname="tests/components/Header.test.jsx" name="Header Component &gt; Theme Toggle &gt; toggles theme between light and dark" time="0.259464518">
        </testcase>
        <testcase classname="tests/components/Header.test.jsx" name="Header Component &gt; Navigation &gt; navigates to correct routes when clicking nav links" time="0.079253321">
        </testcase>
        <testcase classname="tests/components/Header.test.jsx" name="Header Component &gt; Authentication State &gt; shows sign in button when user is not authenticated" time="0.034931767">
        </testcase>
        <testcase classname="tests/components/Header.test.jsx" name="Header Component &gt; Authentication State &gt; shows logout button and handles logout when user is authenticated" time="0.136399411">
        </testcase>
        <testcase classname="tests/components/Header.test.jsx" name="Header Component &gt; Note Creation Modal &gt; opens note creation modal when authenticated user clicks new note" time="0.188860144">
        </testcase>
        <testcase classname="tests/components/Header.test.jsx" name="Header Component &gt; Note Creation Modal &gt; redirects to signin when unauthenticated user clicks new note" time="0.057010419">
        </testcase>
        <testcase classname="tests/components/Header.test.jsx" name="Header Component &gt; View Mode Controls &gt; shows view mode controls only on note pages" time="0.079217729">
        </testcase>
        <testcase classname="tests/components/Header.test.jsx" name="Header Component &gt; View Mode Controls &gt; changes view mode when clicking view mode buttons" time="0.081825165">
        </testcase>
        <testcase classname="tests/components/Header.test.jsx" name="Header Component &gt; Version History &gt; shows version history button only on note pages with active note" time="0.024919463">
        </testcase>
        <testcase classname="tests/components/Header.test.jsx" name="Header Component &gt; Version History &gt; Version History &gt; opens version history modal when clicking history button" time="0.433106155">
            <system-err>
TypeError: textRange(...).getClientRects is not a function
    at textCoords [90m(file:///home/aliahmad/2025-csc1049-ahmada5-noted/code/frontend/[39mnode_modules/[4m@codemirror[24m/view/dist/index.js:891:43[90m)[39m
    at TextView.coordsAt [90m(file:///home/aliahmad/2025-csc1049-ahmada5-noted/code/frontend/[39mnode_modules/[4m@codemirror[24m/view/dist/index.js:797:16[90m)[39m
    at coordsInChildren [90m(file:///home/aliahmad/2025-csc1049-ahmada5-noted/code/frontend/[39mnode_modules/[4m@codemirror[24m/view/dist/index.js:1085:23[90m)[39m
    at LineView.coordsAt [90m(file:///home/aliahmad/2025-csc1049-ahmada5-noted/code/frontend/[39mnode_modules/[4m@codemirror[24m/view/dist/index.js:1569:20[90m)[39m
    at DocView.coordsAt [90m(file:///home/aliahmad/2025-csc1049-ahmada5-noted/code/frontend/[39mnode_modules/[4m@codemirror[24m/view/dist/index.js:3116:28[90m)[39m
    at EditorView.coordsAtPos [90m(file:///home/aliahmad/2025-csc1049-ahmada5-noted/code/frontend/[39mnode_modules/[4m@codemirror[24m/view/dist/index.js:8074:33[90m)[39m
    at Function.forRange [90m(file:///home/aliahmad/2025-csc1049-ahmada5-noted/code/frontend/[39mnode_modules/[4m@codemirror[24m/view/dist/index.js:8816:28[90m)[39m
    at Object.markers [90m(file:///home/aliahmad/2025-csc1049-ahmada5-noted/code/frontend/[39mnode_modules/[4m@codemirror[24m/view/dist/index.js:9081:51[90m)[39m
    at LayerView.measure [90m(file:///home/aliahmad/2025-csc1049-ahmada5-noted/code/frontend/[39mnode_modules/[4m@codemirror[24m/view/dist/index.js:8973:27[90m)[39m
    at [90mfile:///home/aliahmad/2025-csc1049-ahmada5-noted/code/frontend/[39mnode_modules/[4m@codemirror[24m/view/dist/index.js:7745:34

            </system-err>
        </testcase>
    </testsuite>
    <testsuite name="tests/components/NoteCard.test.jsx" timestamp="2025-02-13T10:05:04.755Z" hostname="Ali-Laptop" tests="8" failures="0" errors="0" skipped="0" time="0.913886412">
        <testcase classname="tests/components/NoteCard.test.jsx" name="NoteCard Component &gt; Rendering &gt; renders basic note information correctly" time="0.230120158">
            <system-err>
Warning: Failed prop type: The prop `onDelete` is marked as required in `NoteCard`, but its value is `undefined`.
    at NoteCard (/home/aliahmad/2025-csc1049-ahmada5-noted/code/frontend/src/components/Notes/NoteCard.jsx:8:21)

            </system-err>
        </testcase>
        <testcase classname="tests/components/NoteCard.test.jsx" name="NoteCard Component &gt; renders initial tags with &quot;more&quot; button when there are more than MAX_VISIBLE_TAGS" time="0.031457928">
        </testcase>
        <testcase classname="tests/components/NoteCard.test.jsx" name="NoteCard Component &gt; renders all tags when note has fewer than MAX_VISIBLE_TAGS" time="0.018936127">
        </testcase>
        <testcase classname="tests/components/NoteCard.test.jsx" name="NoteCard Component &gt; Interactions &gt; calls onClick when clicking the card" time="0.058812686">
        </testcase>
        <testcase classname="tests/components/NoteCard.test.jsx" name="NoteCard Component &gt; Interactions &gt; calls onTagClick when clicking a tag" time="0.037967719">
        </testcase>
        <testcase classname="tests/components/NoteCard.test.jsx" name="NoteCard Component &gt; Interactions &gt; opens edit modal when clicking edit button" time="0.220532258">
        </testcase>
        <testcase classname="tests/components/NoteCard.test.jsx" name="NoteCard Component &gt; Interactions &gt; shows and hides all tags modal" time="0.103030109">
        </testcase>
        <testcase classname="tests/components/NoteCard.test.jsx" name="NoteCard Component &gt; Interactions &gt; prevents event propagation when clicking interactive elements" time="0.209311388">
        </testcase>
    </testsuite>
    <testsuite name="tests/components/NoteModal.test.jsx" timestamp="2025-02-13T10:05:04.759Z" hostname="Ali-Laptop" tests="8" failures="0" errors="0" skipped="0" time="1.572435363">
        <testcase classname="tests/components/NoteModal.test.jsx" name="NoteModal Component &gt; Create Mode &gt; renders create note form correctly" time="0.248746644">
        </testcase>
        <testcase classname="tests/components/NoteModal.test.jsx" name="NoteModal Component &gt; Create Mode &gt; handles title input" time="0.076677358">
        </testcase>
        <testcase classname="tests/components/NoteModal.test.jsx" name="NoteModal Component &gt; Create Mode &gt; handles tags input" time="0.099528869">
        </testcase>
        <testcase classname="tests/components/NoteModal.test.jsx" name="NoteModal Component &gt; Create Mode &gt; enables submit button when title is provided" time="0.073088576">
        </testcase>
        <testcase classname="tests/components/NoteModal.test.jsx" name="NoteModal Component &gt; Edit Mode &gt; renders edit note form correctly" time="0.087635635">
        </testcase>
        <testcase classname="tests/components/NoteModal.test.jsx" name="NoteModal Component &gt; Edit Mode &gt; pre-fills form with note data" time="0.073929049">
        </testcase>
        <testcase classname="tests/components/NoteModal.test.jsx" name="NoteModal Component &gt; Edit Mode &gt; updates form fields correctly" time="0.098903689">
        </testcase>
        <testcase classname="tests/components/NoteModal.test.jsx" name="NoteModal Component &gt; Form Submission &gt; handles create note submission" time="0.810303406">
        </testcase>
    </testsuite>
    <testsuite name="tests/components/NotePreview.test.jsx" timestamp="2025-02-13T10:05:04.761Z" hostname="Ali-Laptop" tests="7" failures="0" errors="0" skipped="0" time="0.57854979">
        <testcase classname="tests/components/NotePreview.test.jsx" name="NotePreview Component &gt; Markdown Rendering &gt; renders basic markdown elements correctly" time="0.181871244">
        </testcase>
        <testcase classname="tests/components/NotePreview.test.jsx" name="NotePreview Component &gt; Markdown Rendering &gt; renders task lists correctly" time="0.165235412">
        </testcase>
        <testcase classname="tests/components/NotePreview.test.jsx" name="NotePreview Component &gt; Markdown Rendering &gt; renders inline code correctly" time="0.020388145">
        </testcase>
        <testcase classname="tests/components/NotePreview.test.jsx" name="NotePreview Component &gt; Markdown Rendering &gt; renders links correctly" time="0.044571092">
        </testcase>
        <testcase classname="tests/components/NotePreview.test.jsx" name="NotePreview Component &gt; Markdown Rendering &gt; renders tables correctly" time="0.055492846">
        </testcase>
        <testcase classname="tests/components/NotePreview.test.jsx" name="NotePreview Component &gt; Advanced Markdown Features &gt; renders strikethrough text" time="0.044478699">
        </testcase>
        <testcase classname="tests/components/NotePreview.test.jsx" name="NotePreview Component &gt; Advanced Markdown Features &gt; renders definition lists" time="0.056046084">
        </testcase>
    </testsuite>
    <testsuite name="tests/components/OAuth.test.jsx" timestamp="2025-02-13T10:05:04.763Z" hostname="Ali-Laptop" tests="6" failures="0" errors="0" skipped="0" time="0.393143754">
        <testcase classname="tests/components/OAuth.test.jsx" name="OAuth Component &gt; renders OAuth buttons" time="0.187651662">
        </testcase>
        <testcase classname="tests/components/OAuth.test.jsx" name="OAuth Component &gt; handles Google OAuth redirect without CLI mode" time="0.052362991">
        </testcase>
        <testcase classname="tests/components/OAuth.test.jsx" name="OAuth Component &gt; handles GitHub OAuth redirect without CLI mode" time="0.030373886">
        </testcase>
        <testcase classname="tests/components/OAuth.test.jsx" name="OAuth Component &gt; handles Google OAuth redirect with CLI mode" time="0.060991294">
        </testcase>
        <testcase classname="tests/components/OAuth.test.jsx" name="OAuth Component &gt; handles GitHub OAuth redirect with CLI mode" time="0.046525757">
        </testcase>
        <testcase classname="tests/components/OAuth.test.jsx" name="OAuth Component &gt; preserves query parameters across route changes" time="0.012571231">
        </testcase>
    </testsuite>
    <testsuite name="tests/components/SearchBar.test.jsx" timestamp="2025-02-13T10:05:04.764Z" hostname="Ali-Laptop" tests="5" failures="0" errors="0" skipped="0" time="0.220158541">
        <testcase classname="tests/components/SearchBar.test.jsx" name="SearchBar Component &gt; Rendering &gt; renders both search inputs correctly" time="0.053341789">
        </testcase>
        <testcase classname="tests/components/SearchBar.test.jsx" name="SearchBar Component &gt; Rendering &gt; renders with initial values" time="0.005002879">
        </testcase>
        <testcase classname="tests/components/SearchBar.test.jsx" name="SearchBar Component &gt; Interactions &gt; calls onKeywordChange when typing in keyword search" time="0.098197972">
        </testcase>
        <testcase classname="tests/components/SearchBar.test.jsx" name="SearchBar Component &gt; Interactions &gt; calls onTagChange when typing in tag search" time="0.043458567">
        </testcase>
        <testcase classname="tests/components/SearchBar.test.jsx" name="SearchBar Component &gt; Interactions &gt; handles empty input values" time="0.016732626">
        </testcase>
    </testsuite>
    <testsuite name="tests/components/SortControls.test.jsx" timestamp="2025-02-13T10:05:04.766Z" hostname="Ali-Laptop" tests="4" failures="0" errors="0" skipped="0" time="0.251733462">
        <testcase classname="tests/components/SortControls.test.jsx" name="SortControls Component &gt; renders all sort buttons" time="0.143350177">
        </testcase>
        <testcase classname="tests/components/SortControls.test.jsx" name="SortControls Component &gt; highlights active sort button" time="0.027421747">
        </testcase>
        <testcase classname="tests/components/SortControls.test.jsx" name="SortControls Component &gt; calls onSortByChange when clicking sort buttons" time="0.04504963">
        </testcase>
        <testcase classname="tests/components/SortControls.test.jsx" name="SortControls Component &gt; calls onSortOrderChange when clicking order toggle" time="0.033477137">
        </testcase>
    </testsuite>
    <testsuite name="tests/components/ThemeProvider.test.jsx" timestamp="2025-02-13T10:05:04.767Z" hostname="Ali-Laptop" tests="4" failures="0" errors="0" skipped="0" time="0.10220802">
        <testcase classname="tests/components/ThemeProvider.test.jsx" name="ThemeProvider &gt; Theme Application &gt; applies light theme by default" time="0.07413827">
        </testcase>
        <testcase classname="tests/components/ThemeProvider.test.jsx" name="ThemeProvider &gt; Theme Application &gt; applies dark theme when selected" time="0.006304515">
        </testcase>
        <testcase classname="tests/components/ThemeProvider.test.jsx" name="ThemeProvider &gt; Content Rendering &gt; renders children correctly" time="0.009581727">
        </testcase>
        <testcase classname="tests/components/ThemeProvider.test.jsx" name="ThemeProvider &gt; Content Rendering &gt; applies correct background and text colors" time="0.009363742">
        </testcase>
    </testsuite>
    <testsuite name="tests/components/Toolbar.test.jsx" timestamp="2025-02-13T10:05:04.768Z" hostname="Ali-Laptop" tests="2" failures="0" errors="0" skipped="0" time="0.757649612">
        <testcase classname="tests/components/Toolbar.test.jsx" name="Toolbar &gt; Basic Rendering &gt; renders basic formatting buttons" time="0.379694169">
        </testcase>
        <testcase classname="tests/components/Toolbar.test.jsx" name="Toolbar &gt; Basic Actions &gt; handles bold button click" time="0.333290384">
        </testcase>
    </testsuite>
    <testsuite name="tests/components/VersionHistoryModal.test.jsx" timestamp="2025-02-13T10:05:04.768Z" hostname="Ali-Laptop" tests="5" failures="0" errors="0" skipped="0" time="1.210508114">
        <testcase classname="tests/components/VersionHistoryModal.test.jsx" name="VersionHistoryModal &gt; Loading States &gt; shows loading state initially" time="0.376081913">
        </testcase>
        <testcase classname="tests/components/VersionHistoryModal.test.jsx" name="VersionHistoryModal &gt; Loading States &gt; loads and displays versions when modal is shown" time="0.170078986">
        </testcase>
        <testcase classname="tests/components/VersionHistoryModal.test.jsx" name="VersionHistoryModal &gt; handles version comparison" time="0.282776443">
        </testcase>
        <testcase classname="tests/components/VersionHistoryModal.test.jsx" name="Modal Controls &gt; calls onClose when close button is clicked" time="0.133461551">
        </testcase>
        <testcase classname="tests/components/VersionHistoryModal.test.jsx" name="Modal Controls &gt; Version Interaction &gt; handles version comparison" time="0.24386346">
        </testcase>
    </testsuite>
    <testsuite name="tests/pages/About.test.jsx" timestamp="2025-02-13T10:05:04.770Z" hostname="Ali-Laptop" tests="1" failures="0" errors="0" skipped="0" time="0.048873996">
        <testcase classname="tests/pages/About.test.jsx" name="About Component &gt; renders the welcome and features paragraphs" time="0.046618377">
        </testcase>
    </testsuite>
    <testsuite name="tests/pages/DemoPage.test.jsx" timestamp="2025-02-13T10:05:04.771Z" hostname="Ali-Laptop" tests="4" failures="0" errors="0" skipped="0" time="0.084399502">
        <testcase classname="tests/pages/DemoPage.test.jsx" name="DemoPage &gt; Rendering &gt; renders editor in edit mode" time="0.060780751">
        </testcase>
        <testcase classname="tests/pages/DemoPage.test.jsx" name="DemoPage &gt; Rendering &gt; renders preview in preview mode" time="0.008777027">
        </testcase>
        <testcase classname="tests/pages/DemoPage.test.jsx" name="DemoPage &gt; Rendering &gt; renders both editor and preview in split mode" time="0.005934999">
        </testcase>
        <testcase classname="tests/pages/DemoPage.test.jsx" name="DemoPage &gt; Rendering &gt; applies correct layout classes in split mode" time="0.006129594">
        </testcase>
    </testsuite>
    <testsuite name="tests/pages/NotFound.test.jsx" timestamp="2025-02-13T10:05:04.773Z" hostname="Ali-Laptop" tests="3" failures="0" errors="0" skipped="0" time="0.065812332">
        <testcase classname="tests/pages/NotFound.test.jsx" name="NotFound Component &gt; Rendering &gt; renders 404 page elements correctly" time="0.050611277">
        </testcase>
        <testcase classname="tests/pages/NotFound.test.jsx" name="NotFound Component &gt; Routing &gt; shows NotFound when accessing an unregistered route" time="0.005997507">
        </testcase>
        <testcase classname="tests/pages/NotFound.test.jsx" name="NotFound Component &gt; Routing &gt; does not show NotFound for registered routes" time="0.006989906">
        </testcase>
    </testsuite>
    <testsuite name="tests/pages/NotePage.test.jsx" timestamp="2025-02-13T10:05:04.774Z" hostname="Ali-Laptop" tests="6" failures="0" errors="0" skipped="0" time="2.304151827">
        <testcase classname="tests/pages/NotePage.test.jsx" name="NotePage &gt; NotePage Authentication &gt; Authentication Protection &gt; redirects to signin when user is not authenticated" time="0.775536661">
        </testcase>
        <testcase classname="tests/pages/NotePage.test.jsx" name="NotePage &gt; NotePage Authentication &gt; Authentication Protection &gt; allows access when user is authenticated" time="0.643928662">
        </testcase>
        <testcase classname="tests/pages/NotePage.test.jsx" name="NotePage &gt; Version Control &gt; initializes with latest version" time="0.358797825">
        </testcase>
        <testcase classname="tests/pages/NotePage.test.jsx" name="NotePage &gt; View Mode Rendering &gt; renders editor only in edit mode" time="0.192865948">
            <system-err>
Warning: An update to NotePage inside a test was not wrapped in act(...).

When testing, code that causes React state updates should be wrapped into act(...):

act(() =&gt; {
  /* fire events that update state */
});
/* assert on the output */

This ensures that you&apos;re testing the behavior the user would see in the browser. Learn more at https://reactjs.org/link/wrap-tests-with-act
    at NotePage (/home/aliahmad/2025-csc1049-ahmada5-noted/code/frontend/src/pages/NotePage.jsx:16:53)
    at RenderedRoute (file:///home/aliahmad/2025-csc1049-ahmada5-noted/code/frontend/node_modules/react-router/dist/development/chunk-K6AXKMTT.mjs:4355:26)
    at Routes (file:///home/aliahmad/2025-csc1049-ahmada5-noted/code/frontend/node_modules/react-router/dist/development/chunk-K6AXKMTT.mjs:5042:3)
    at div
    at div
    at ThemeProvider (/home/aliahmad/2025-csc1049-ahmada5-noted/code/frontend/src/components/ThemeProvider.jsx:4:26)
    at Router (file:///home/aliahmad/2025-csc1049-ahmada5-noted/code/frontend/node_modules/react-router/dist/development/chunk-K6AXKMTT.mjs:4985:13)
    at MemoryRouter (file:///home/aliahmad/2025-csc1049-ahmada5-noted/code/frontend/node_modules/react-router/dist/development/chunk-K6AXKMTT.mjs:4907:3)
    at Provider (file:///home/aliahmad/2025-csc1049-ahmada5-noted/code/frontend/node_modules/react-redux/dist/react-redux.mjs:875:11)
    at Wrapper (/home/aliahmad/2025-csc1049-ahmada5-noted/code/frontend/tests/test-utils.jsx:42:22)
Warning: An update to NotePage inside a test was not wrapped in act(...).

When testing, code that causes React state updates should be wrapped into act(...):

act(() =&gt; {
  /* fire events that update state */
});
/* assert on the output */

This ensures that you&apos;re testing the behavior the user would see in the browser. Learn more at https://reactjs.org/link/wrap-tests-with-act
    at NotePage (/home/aliahmad/2025-csc1049-ahmada5-noted/code/frontend/src/pages/NotePage.jsx:16:53)
    at RenderedRoute (file:///home/aliahmad/2025-csc1049-ahmada5-noted/code/frontend/node_modules/react-router/dist/development/chunk-K6AXKMTT.mjs:4355:26)
    at Routes (file:///home/aliahmad/2025-csc1049-ahmada5-noted/code/frontend/node_modules/react-router/dist/development/chunk-K6AXKMTT.mjs:5042:3)
    at div
    at div
    at ThemeProvider (/home/aliahmad/2025-csc1049-ahmada5-noted/code/frontend/src/components/ThemeProvider.jsx:4:26)
    at Router (file:///home/aliahmad/2025-csc1049-ahmada5-noted/code/frontend/node_modules/react-router/dist/development/chunk-K6AXKMTT.mjs:4985:13)
    at MemoryRouter (file:///home/aliahmad/2025-csc1049-ahmada5-noted/code/frontend/node_modules/react-router/dist/development/chunk-K6AXKMTT.mjs:4907:3)
    at Provider (file:///home/aliahmad/2025-csc1049-ahmada5-noted/code/frontend/node_modules/react-redux/dist/react-redux.mjs:875:11)
    at Wrapper (/home/aliahmad/2025-csc1049-ahmada5-noted/code/frontend/tests/test-utils.jsx:42:22)
Warning: An update to NotePage inside a test was not wrapped in act(...).

When testing, code that causes React state updates should be wrapped into act(...):

act(() =&gt; {
  /* fire events that update state */
});
/* assert on the output */

This ensures that you&apos;re testing the behavior the user would see in the browser. Learn more at https://reactjs.org/link/wrap-tests-with-act
    at NotePage (/home/aliahmad/2025-csc1049-ahmada5-noted/code/frontend/src/pages/NotePage.jsx:16:53)
    at RenderedRoute (file:///home/aliahmad/2025-csc1049-ahmada5-noted/code/frontend/node_modules/react-router/dist/development/chunk-K6AXKMTT.mjs:4355:26)
    at Routes (file:///home/aliahmad/2025-csc1049-ahmada5-noted/code/frontend/node_modules/react-router/dist/development/chunk-K6AXKMTT.mjs:5042:3)
    at div
    at div
    at ThemeProvider (/home/aliahmad/2025-csc1049-ahmada5-noted/code/frontend/src/components/ThemeProvider.jsx:4:26)
    at Router (file:///home/aliahmad/2025-csc1049-ahmada5-noted/code/frontend/node_modules/react-router/dist/development/chunk-K6AXKMTT.mjs:4985:13)
    at MemoryRouter (file:///home/aliahmad/2025-csc1049-ahmada5-noted/code/frontend/node_modules/react-router/dist/development/chunk-K6AXKMTT.mjs:4907:3)
    at Provider (file:///home/aliahmad/2025-csc1049-ahmada5-noted/code/frontend/node_modules/react-redux/dist/react-redux.mjs:875:11)
    at Wrapper (/home/aliahmad/2025-csc1049-ahmada5-noted/code/frontend/tests/test-utils.jsx:42:22)

            </system-err>
        </testcase>
        <testcase classname="tests/pages/NotePage.test.jsx" name="NotePage &gt; View Mode Rendering &gt; renders both editor and preview in split mode" time="0.235504372">
            <system-err>
Warning: An update to NotePage inside a test was not wrapped in act(...).

When testing, code that causes React state updates should be wrapped into act(...):

act(() =&gt; {
  /* fire events that update state */
});
/* assert on the output */

This ensures that you&apos;re testing the behavior the user would see in the browser. Learn more at https://reactjs.org/link/wrap-tests-with-act
    at NotePage (/home/aliahmad/2025-csc1049-ahmada5-noted/code/frontend/src/pages/NotePage.jsx:16:53)
    at RenderedRoute (file:///home/aliahmad/2025-csc1049-ahmada5-noted/code/frontend/node_modules/react-router/dist/development/chunk-K6AXKMTT.mjs:4355:26)
    at Routes (file:///home/aliahmad/2025-csc1049-ahmada5-noted/code/frontend/node_modules/react-router/dist/development/chunk-K6AXKMTT.mjs:5042:3)
    at div
    at div
    at ThemeProvider (/home/aliahmad/2025-csc1049-ahmada5-noted/code/frontend/src/components/ThemeProvider.jsx:4:26)
    at Router (file:///home/aliahmad/2025-csc1049-ahmada5-noted/code/frontend/node_modules/react-router/dist/development/chunk-K6AXKMTT.mjs:4985:13)
    at MemoryRouter (file:///home/aliahmad/2025-csc1049-ahmada5-noted/code/frontend/node_modules/react-router/dist/development/chunk-K6AXKMTT.mjs:4907:3)
    at Provider (file:///home/aliahmad/2025-csc1049-ahmada5-noted/code/frontend/node_modules/react-redux/dist/react-redux.mjs:875:11)
    at Wrapper (/home/aliahmad/2025-csc1049-ahmada5-noted/code/frontend/tests/test-utils.jsx:42:22)
Warning: An update to NotePage inside a test was not wrapped in act(...).

When testing, code that causes React state updates should be wrapped into act(...):

act(() =&gt; {
  /* fire events that update state */
});
/* assert on the output */

This ensures that you&apos;re testing the behavior the user would see in the browser. Learn more at https://reactjs.org/link/wrap-tests-with-act
    at NotePage (/home/aliahmad/2025-csc1049-ahmada5-noted/code/frontend/src/pages/NotePage.jsx:16:53)
    at RenderedRoute (file:///home/aliahmad/2025-csc1049-ahmada5-noted/code/frontend/node_modules/react-router/dist/development/chunk-K6AXKMTT.mjs:4355:26)
    at Routes (file:///home/aliahmad/2025-csc1049-ahmada5-noted/code/frontend/node_modules/react-router/dist/development/chunk-K6AXKMTT.mjs:5042:3)
    at div
    at div
    at ThemeProvider (/home/aliahmad/2025-csc1049-ahmada5-noted/code/frontend/src/components/ThemeProvider.jsx:4:26)
    at Router (file:///home/aliahmad/2025-csc1049-ahmada5-noted/code/frontend/node_modules/react-router/dist/development/chunk-K6AXKMTT.mjs:4985:13)
    at MemoryRouter (file:///home/aliahmad/2025-csc1049-ahmada5-noted/code/frontend/node_modules/react-router/dist/development/chunk-K6AXKMTT.mjs:4907:3)
    at Provider (file:///home/aliahmad/2025-csc1049-ahmada5-noted/code/frontend/node_modules/react-redux/dist/react-redux.mjs:875:11)
    at Wrapper (/home/aliahmad/2025-csc1049-ahmada5-noted/code/frontend/tests/test-utils.jsx:42:22)
Warning: An update to NotePage inside a test was not wrapped in act(...).

When testing, code that causes React state updates should be wrapped into act(...):

act(() =&gt; {
  /* fire events that update state */
});
/* assert on the output */

This ensures that you&apos;re testing the behavior the user would see in the browser. Learn more at https://reactjs.org/link/wrap-tests-with-act
    at NotePage (/home/aliahmad/2025-csc1049-ahmada5-noted/code/frontend/src/pages/NotePage.jsx:16:53)
    at RenderedRoute (file:///home/aliahmad/2025-csc1049-ahmada5-noted/code/frontend/node_modules/react-router/dist/development/chunk-K6AXKMTT.mjs:4355:26)
    at Routes (file:///home/aliahmad/2025-csc1049-ahmada5-noted/code/frontend/node_modules/react-router/dist/development/chunk-K6AXKMTT.mjs:5042:3)
    at div
    at div
    at ThemeProvider (/home/aliahmad/2025-csc1049-ahmada5-noted/code/frontend/src/components/ThemeProvider.jsx:4:26)
    at Router (file:///home/aliahmad/2025-csc1049-ahmada5-noted/code/frontend/node_modules/react-router/dist/development/chunk-K6AXKMTT.mjs:4985:13)
    at MemoryRouter (file:///home/aliahmad/2025-csc1049-ahmada5-noted/code/frontend/node_modules/react-router/dist/development/chunk-K6AXKMTT.mjs:4907:3)
    at Provider (file:///home/aliahmad/2025-csc1049-ahmada5-noted/code/frontend/node_modules/react-redux/dist/react-redux.mjs:875:11)
    at Wrapper (/home/aliahmad/2025-csc1049-ahmada5-noted/code/frontend/tests/test-utils.jsx:42:22)

            </system-err>
        </testcase>
        <testcase classname="tests/pages/NotePage.test.jsx" name="NotePage &gt; View Mode Rendering &gt; renders preview only in preview mode" time="0.0601219">
            <system-err>
Warning: An update to NotePage inside a test was not wrapped in act(...).

When testing, code that causes React state updates should be wrapped into act(...):

act(() =&gt; {
  /* fire events that update state */
});
/* assert on the output */

This ensures that you&apos;re testing the behavior the user would see in the browser. Learn more at https://reactjs.org/link/wrap-tests-with-act
    at NotePage (/home/aliahmad/2025-csc1049-ahmada5-noted/code/frontend/src/pages/NotePage.jsx:16:53)
    at RenderedRoute (file:///home/aliahmad/2025-csc1049-ahmada5-noted/code/frontend/node_modules/react-router/dist/development/chunk-K6AXKMTT.mjs:4355:26)
    at Routes (file:///home/aliahmad/2025-csc1049-ahmada5-noted/code/frontend/node_modules/react-router/dist/development/chunk-K6AXKMTT.mjs:5042:3)
    at div
    at div
    at ThemeProvider (/home/aliahmad/2025-csc1049-ahmada5-noted/code/frontend/src/components/ThemeProvider.jsx:4:26)
    at Router (file:///home/aliahmad/2025-csc1049-ahmada5-noted/code/frontend/node_modules/react-router/dist/development/chunk-K6AXKMTT.mjs:4985:13)
    at MemoryRouter (file:///home/aliahmad/2025-csc1049-ahmada5-noted/code/frontend/node_modules/react-router/dist/development/chunk-K6AXKMTT.mjs:4907:3)
    at Provider (file:///home/aliahmad/2025-csc1049-ahmada5-noted/code/frontend/node_modules/react-redux/dist/react-redux.mjs:875:11)
    at Wrapper (/home/aliahmad/2025-csc1049-ahmada5-noted/code/frontend/tests/test-utils.jsx:42:22)
Warning: An update to NotePage inside a test was not wrapped in act(...).

When testing, code that causes React state updates should be wrapped into act(...):

act(() =&gt; {
  /* fire events that update state */
});
/* assert on the output */

This ensures that you&apos;re testing the behavior the user would see in the browser. Learn more at https://reactjs.org/link/wrap-tests-with-act
    at NotePage (/home/aliahmad/2025-csc1049-ahmada5-noted/code/frontend/src/pages/NotePage.jsx:16:53)
    at RenderedRoute (file:///home/aliahmad/2025-csc1049-ahmada5-noted/code/frontend/node_modules/react-router/dist/development/chunk-K6AXKMTT.mjs:4355:26)
    at Routes (file:///home/aliahmad/2025-csc1049-ahmada5-noted/code/frontend/node_modules/react-router/dist/development/chunk-K6AXKMTT.mjs:5042:3)
    at div
    at div
    at ThemeProvider (/home/aliahmad/2025-csc1049-ahmada5-noted/code/frontend/src/components/ThemeProvider.jsx:4:26)
    at Router (file:///home/aliahmad/2025-csc1049-ahmada5-noted/code/frontend/node_modules/react-router/dist/development/chunk-K6AXKMTT.mjs:4985:13)
    at MemoryRouter (file:///home/aliahmad/2025-csc1049-ahmada5-noted/code/frontend/node_modules/react-router/dist/development/chunk-K6AXKMTT.mjs:4907:3)
    at Provider (file:///home/aliahmad/2025-csc1049-ahmada5-noted/code/frontend/node_modules/react-redux/dist/react-redux.mjs:875:11)
    at Wrapper (/home/aliahmad/2025-csc1049-ahmada5-noted/code/frontend/tests/test-utils.jsx:42:22)
Warning: An update to NotePage inside a test was not wrapped in act(...).

When testing, code that causes React state updates should be wrapped into act(...):

act(() =&gt; {
  /* fire events that update state */
});
/* assert on the output */

This ensures that you&apos;re testing the behavior the user would see in the browser. Learn more at https://reactjs.org/link/wrap-tests-with-act
    at NotePage (/home/aliahmad/2025-csc1049-ahmada5-noted/code/frontend/src/pages/NotePage.jsx:16:53)
    at RenderedRoute (file:///home/aliahmad/2025-csc1049-ahmada5-noted/code/frontend/node_modules/react-router/dist/development/chunk-K6AXKMTT.mjs:4355:26)
    at Routes (file:///home/aliahmad/2025-csc1049-ahmada5-noted/code/frontend/node_modules/react-router/dist/development/chunk-K6AXKMTT.mjs:5042:3)
    at div
    at div
    at ThemeProvider (/home/aliahmad/2025-csc1049-ahmada5-noted/code/frontend/src/components/ThemeProvider.jsx:4:26)
    at Router (file:///home/aliahmad/2025-csc1049-ahmada5-noted/code/frontend/node_modules/react-router/dist/development/chunk-K6AXKMTT.mjs:4985:13)
    at MemoryRouter (file:///home/aliahmad/2025-csc1049-ahmada5-noted/code/frontend/node_modules/react-router/dist/development/chunk-K6AXKMTT.mjs:4907:3)
    at Provider (file:///home/aliahmad/2025-csc1049-ahmada5-noted/code/frontend/node_modules/react-redux/dist/react-redux.mjs:875:11)
    at Wrapper (/home/aliahmad/2025-csc1049-ahmada5-noted/code/frontend/tests/test-utils.jsx:42:22)

            </system-err>
        </testcase>
    </testsuite>
    <testsuite name="tests/pages/SignIn.test.jsx" timestamp="2025-02-13T10:05:04.776Z" hostname="Ali-Laptop" tests="9" failures="0" errors="0" skipped="0" time="1.883393273">
        <testcase classname="tests/pages/SignIn.test.jsx" name="SignIn Component &gt; Rendering &gt; renders all form elements correctly" time="0.229107189">
        </testcase>
        <testcase classname="tests/pages/SignIn.test.jsx" name="SignIn Component &gt; Rendering &gt; includes OAuth component" time="0.063257109">
        </testcase>
        <testcase classname="tests/pages/SignIn.test.jsx" name="SignIn Component &gt; Navigation &gt; redirects to home when user is already authenticated" time="0.031717428">
        </testcase>
        <testcase classname="tests/pages/SignIn.test.jsx" name="SignIn Component &gt; Navigation &gt; redirects to signup page with CLI parameters" time="0.10219249">
        </testcase>
        <testcase classname="tests/pages/SignIn.test.jsx" name="SignIn Component &gt; Form Submission &gt; shows error when submitting empty form" time="0.074193872">
        </testcase>
        <testcase classname="tests/pages/SignIn.test.jsx" name="SignIn Component &gt; Form Submission &gt; handles successful login and redirects to home" time="0.481111888">
        </testcase>
        <testcase classname="tests/pages/SignIn.test.jsx" name="SignIn Component &gt; Form Submission &gt; handles CLI mode login correctly" time="0.42367542">
        </testcase>
        <testcase classname="tests/pages/SignIn.test.jsx" name="SignIn Component &gt; Form Submission &gt; handles failed login attempt" time="0.43402433">
        </testcase>
        <testcase classname="tests/pages/SignIn.test.jsx" name="SignIn Component &gt; Loading State &gt; shows loading spinner when submitting form" time="0.039586858">
        </testcase>
    </testsuite>
    <testsuite name="tests/pages/SignUp.test.jsx" timestamp="2025-02-13T10:05:04.778Z" hostname="Ali-Laptop" tests="9" failures="0" errors="0" skipped="0" time="2.675785792">
        <testcase classname="tests/pages/SignUp.test.jsx" name="SignUp Component &gt; Rendering &gt; renders all form elements correctly" time="0.261179729">
        </testcase>
        <testcase classname="tests/pages/SignUp.test.jsx" name="SignUp Component &gt; Rendering &gt; includes OAuth component" time="0.073070574">
        </testcase>
        <testcase classname="tests/pages/SignUp.test.jsx" name="SignUp Component &gt; Navigation &gt; redirects to home when user is already authenticated" time="0.03100326">
        </testcase>
        <testcase classname="tests/pages/SignUp.test.jsx" name="SignUp Component &gt; Navigation &gt; redirects to signin page with CLI parameters" time="0.099558201">
        </testcase>
        <testcase classname="tests/pages/SignUp.test.jsx" name="SignUp Component &gt; Form Submission &gt; shows error when submitting empty form" time="0.066033491">
        </testcase>
        <testcase classname="tests/pages/SignUp.test.jsx" name="SignUp Component &gt; Form Submission &gt; handles successful registration and redirects to home" time="0.868284215">
        </testcase>
        <testcase classname="tests/pages/SignUp.test.jsx" name="SignUp Component &gt; Form Submission &gt; handles CLI mode registration correctly" time="0.673663272">
        </testcase>
        <testcase classname="tests/pages/SignUp.test.jsx" name="SignUp Component &gt; Form Submission &gt; handles failed registration attempt" time="0.562450629">
        </testcase>
        <testcase classname="tests/pages/SignUp.test.jsx" name="SignUp Component &gt; Loading State &gt; shows loading spinner when submitting form" time="0.037001796">
        </testcase>
    </testsuite>
    <testsuite name="tests/utils/diff.test.js" timestamp="2025-02-13T10:05:04.781Z" hostname="Ali-Laptop" tests="16" failures="0" errors="0" skipped="0" time="0.037978412">
        <testcase classname="tests/utils/diff.test.js" name="diff_match_patch delta extensions &gt; diff_toDelta &gt; handles basic insertions" time="0.002260013">
        </testcase>
        <testcase classname="tests/utils/diff.test.js" name="diff_match_patch delta extensions &gt; diff_toDelta &gt; handles basic deletions" time="0.002674758">
        </testcase>
        <testcase classname="tests/utils/diff.test.js" name="diff_match_patch delta extensions &gt; diff_toDelta &gt; handles basic equality" time="0.000713914">
        </testcase>
        <testcase classname="tests/utils/diff.test.js" name="diff_match_patch delta extensions &gt; diff_toDelta &gt; handles special characters" time="0.000553769">
        </testcase>
        <testcase classname="tests/utils/diff.test.js" name="diff_match_patch delta extensions &gt; diff_fromDelta &gt; handles basic insertions" time="0.001873644">
        </testcase>
        <testcase classname="tests/utils/diff.test.js" name="diff_match_patch delta extensions &gt; diff_fromDelta &gt; handles basic deletions" time="0.000820262">
        </testcase>
        <testcase classname="tests/utils/diff.test.js" name="diff_match_patch delta extensions &gt; diff_fromDelta &gt; handles basic equality" time="0.000673904">
        </testcase>
        <testcase classname="tests/utils/diff.test.js" name="diff_match_patch delta extensions &gt; diff_fromDelta &gt; handles mixed operations" time="0.000645116">
        </testcase>
        <testcase classname="tests/utils/diff.test.js" name="diff_match_patch delta extensions &gt; diff_fromDelta &gt; throws error on invalid delta" time="0.004190089">
        </testcase>
        <testcase classname="tests/utils/diff.test.js" name="diff_match_patch delta extensions &gt; diff_fromDelta &gt; throws error on invalid length" time="0.001347609">
        </testcase>
        <testcase classname="tests/utils/diff.test.js" name="Version control utilities &gt; shouldCreateSnapshot &gt; returns true for version numbers divisible by 10" time="0.000460069">
        </testcase>
        <testcase classname="tests/utils/diff.test.js" name="Version control utilities &gt; shouldCreateSnapshot &gt; returns false for version numbers not divisible by 10" time="0.000290558">
        </testcase>
        <testcase classname="tests/utils/diff.test.js" name="Version control utilities &gt; buildVersionContent &gt; returns empty string for empty chain" time="0.000502879">
        </testcase>
        <testcase classname="tests/utils/diff.test.js" name="Version control utilities &gt; buildVersionContent &gt; returns snapshot content when chain only contains snapshot" time="0.000301168">
        </testcase>
        <testcase classname="tests/utils/diff.test.js" name="Version control utilities &gt; buildVersionContent &gt; applies diffs correctly" time="0.001552409">
        </testcase>
        <testcase classname="tests/utils/diff.test.js" name="Version control utilities &gt; buildVersionContent &gt; returns empty string when chain doesn&apos;t start with snapshot" time="0.001578114">
            <system-err>
Warning: Chain doesn&apos;t start with snapshot (starts with diff)

            </system-err>
        </testcase>
    </testsuite>
</testsuites>
