<?xml version="1.0" encoding="UTF-8" ?>
<testsuites name="vitest tests" tests="108" failures="0" errors="0" time="14.145391603">
    <testsuite name="tests/components/EditorStatusBar.test.jsx" timestamp="2025-02-18T12:31:49.541Z" hostname="Ali-Laptop" tests="1" failures="0" errors="0" skipped="0" time="0.101364382">
        <testcase classname="tests/components/EditorStatusBar.test.jsx" name="EditorStatusBar &gt; Rendering &gt; renders all editor options" time="0.099239033">
        </testcase>
    </testsuite>
    <testsuite name="tests/components/Header.test.jsx" timestamp="2025-02-18T12:31:49.543Z" hostname="Ali-Laptop" tests="9" failures="0" errors="0" skipped="0" time="1.169512704">
        <testcase classname="tests/components/Header.test.jsx" name="Header Component &gt; Theme Toggle &gt; toggles theme between light and dark" time="0.244812479">
        </testcase>
        <testcase classname="tests/components/Header.test.jsx" name="Header Component &gt; Navigation &gt; navigates to correct routes when clicking nav links" time="0.083264161">
        </testcase>
        <testcase classname="tests/components/Header.test.jsx" name="Header Component &gt; Authentication State &gt; shows sign in button when user is not authenticated" time="0.036682496">
        </testcase>
        <testcase classname="tests/components/Header.test.jsx" name="Header Component &gt; Authentication State &gt; shows logout button and handles logout when user is authenticated" time="0.124999044">
        </testcase>
        <testcase classname="tests/components/Header.test.jsx" name="Header Component &gt; Note Creation Modal &gt; opens note creation modal when authenticated user clicks new note" time="0.174497861">
        </testcase>
        <testcase classname="tests/components/Header.test.jsx" name="Header Component &gt; Note Creation Modal &gt; redirects to signin when unauthenticated user clicks new note" time="0.058411575">
        </testcase>
        <testcase classname="tests/components/Header.test.jsx" name="Header Component &gt; View Mode Controls &gt; shows view mode controls only on note pages" time="0.081625628">
        </testcase>
        <testcase classname="tests/components/Header.test.jsx" name="Header Component &gt; View Mode Controls &gt; changes view mode when clicking view mode buttons" time="0.080047671">
        </testcase>
        <testcase classname="tests/components/Header.test.jsx" name="Header Component &gt; Version History &gt; opens version history modal when clicking history button" time="0.280574231">
            <system-err>
Failed to decrypt version content: DOMException [InvalidCharacterError]: The string to be decoded is not correctly encoded.
[90m    at atob (node:buffer:1304:13)[39m
    at EncryptionService.base64ToArray [90m(/home/aliahmad/2025-csc1049-ahmada5-noted/code/frontend/[39msrc/utils/encryption.js:27:31[90m)[39m
    at EncryptionService.unwrapNoteCipherKey [90m(/home/aliahmad/2025-csc1049-ahmada5-noted/code/frontend/[39msrc/utils/encryption.js:225:21[90m)[39m
    at decryptVersionContent [90m(/home/aliahmad/2025-csc1049-ahmada5-noted/code/frontend/[39msrc/utils/diff.js:111:51[90m)[39m
    at fetchVersions [90m(/home/aliahmad/2025-csc1049-ahmada5-noted/code/frontend/[39msrc/components/Version/VersionHistoryModal.jsx:49:29[90m)[39m

Failed to fetch versions: Error: Failed to decrypt version content
    at decryptVersionContent [90m(/home/aliahmad/2025-csc1049-ahmada5-noted/code/frontend/[39msrc/utils/diff.js:115:11[90m)[39m
    at fetchVersions [90m(/home/aliahmad/2025-csc1049-ahmada5-noted/code/frontend/[39msrc/components/Version/VersionHistoryModal.jsx:49:23[90m)[39m

            </system-err>
        </testcase>
    </testsuite>
    <testsuite name="tests/components/NoteCard.test.jsx" timestamp="2025-02-18T12:31:49.549Z" hostname="Ali-Laptop" tests="8" failures="0" errors="0" skipped="0" time="0.894943736">
        <testcase classname="tests/components/NoteCard.test.jsx" name="NoteCard Component &gt; Rendering &gt; renders basic note information correctly" time="0.237361005">
            <system-err>
Warning: Failed prop type: The prop `onDelete` is marked as required in `NoteCard`, but its value is `undefined`.
    at NoteCard (/home/aliahmad/2025-csc1049-ahmada5-noted/code/frontend/src/components/Notes/NoteCard.jsx:8:21)

            </system-err>
        </testcase>
        <testcase classname="tests/components/NoteCard.test.jsx" name="NoteCard Component &gt; renders initial tags with &quot;more&quot; button when there are more than MAX_VISIBLE_TAGS" time="0.02938846">
        </testcase>
        <testcase classname="tests/components/NoteCard.test.jsx" name="NoteCard Component &gt; renders all tags when note has fewer than MAX_VISIBLE_TAGS" time="0.027119895">
        </testcase>
        <testcase classname="tests/components/NoteCard.test.jsx" name="NoteCard Component &gt; Interactions &gt; calls onClick when clicking the card" time="0.044930427">
        </testcase>
        <testcase classname="tests/components/NoteCard.test.jsx" name="NoteCard Component &gt; Interactions &gt; calls onTagClick when clicking a tag" time="0.039711183">
        </testcase>
        <testcase classname="tests/components/NoteCard.test.jsx" name="NoteCard Component &gt; Interactions &gt; opens edit modal when clicking edit button" time="0.189125945">
        </testcase>
        <testcase classname="tests/components/NoteCard.test.jsx" name="NoteCard Component &gt; Interactions &gt; shows and hides all tags modal" time="0.11989225">
        </testcase>
        <testcase classname="tests/components/NoteCard.test.jsx" name="NoteCard Component &gt; Interactions &gt; prevents event propagation when clicking interactive elements" time="0.204156947">
        </testcase>
    </testsuite>
    <testsuite name="tests/components/NoteModal.test.jsx" timestamp="2025-02-18T12:31:49.555Z" hostname="Ali-Laptop" tests="8" failures="0" errors="0" skipped="0" time="1.303570726">
        <testcase classname="tests/components/NoteModal.test.jsx" name="NoteModal Component &gt; Create Mode &gt; renders create note form correctly" time="0.269954871">
        </testcase>
        <testcase classname="tests/components/NoteModal.test.jsx" name="NoteModal Component &gt; Create Mode &gt; handles title input" time="0.095272408">
        </testcase>
        <testcase classname="tests/components/NoteModal.test.jsx" name="NoteModal Component &gt; Create Mode &gt; handles tags input" time="0.096313352">
        </testcase>
        <testcase classname="tests/components/NoteModal.test.jsx" name="NoteModal Component &gt; Create Mode &gt; enables submit button when title is provided" time="0.087895303">
        </testcase>
        <testcase classname="tests/components/NoteModal.test.jsx" name="NoteModal Component &gt; Edit Mode &gt; renders edit note form correctly" time="0.092008829">
            <system-err>
Warning: Failed prop type: The prop `noteData.cipherKey` is marked as required in `NoteModal`, but its value is `undefined`.
    at NoteModal (/home/aliahmad/2025-csc1049-ahmada5-noted/code/frontend/src/components/Notes/NoteModal.jsx:15:22)

            </system-err>
        </testcase>
        <testcase classname="tests/components/NoteModal.test.jsx" name="NoteModal Component &gt; Edit Mode &gt; pre-fills form with note data" time="0.069442679">
        </testcase>
        <testcase classname="tests/components/NoteModal.test.jsx" name="NoteModal Component &gt; Edit Mode &gt; updates form fields correctly" time="0.093574357">
        </testcase>
        <testcase classname="tests/components/NoteModal.test.jsx" name="NoteModal Component &gt; Form Submission &gt; handles create note submission" time="0.491461115">
        </testcase>
    </testsuite>
    <testsuite name="tests/components/NotePreview.test.jsx" timestamp="2025-02-18T12:31:49.559Z" hostname="Ali-Laptop" tests="7" failures="0" errors="0" skipped="0" time="0.542674134">
        <testcase classname="tests/components/NotePreview.test.jsx" name="NotePreview Component &gt; Markdown Rendering &gt; renders basic markdown elements correctly" time="0.179984115">
        </testcase>
        <testcase classname="tests/components/NotePreview.test.jsx" name="NotePreview Component &gt; Markdown Rendering &gt; renders task lists correctly" time="0.161233428">
        </testcase>
        <testcase classname="tests/components/NotePreview.test.jsx" name="NotePreview Component &gt; Markdown Rendering &gt; renders inline code correctly" time="0.010700186">
        </testcase>
        <testcase classname="tests/components/NotePreview.test.jsx" name="NotePreview Component &gt; Markdown Rendering &gt; renders links correctly" time="0.042497187">
        </testcase>
        <testcase classname="tests/components/NotePreview.test.jsx" name="NotePreview Component &gt; Markdown Rendering &gt; renders tables correctly" time="0.051170166">
        </testcase>
        <testcase classname="tests/components/NotePreview.test.jsx" name="NotePreview Component &gt; Advanced Markdown Features &gt; renders strikethrough text" time="0.045275927">
        </testcase>
        <testcase classname="tests/components/NotePreview.test.jsx" name="NotePreview Component &gt; Advanced Markdown Features &gt; renders definition lists" time="0.048292867">
        </testcase>
    </testsuite>
    <testsuite name="tests/components/OAuth.test.jsx" timestamp="2025-02-18T12:31:49.561Z" hostname="Ali-Laptop" tests="6" failures="0" errors="0" skipped="0" time="0.388965893">
        <testcase classname="tests/components/OAuth.test.jsx" name="OAuth Component &gt; renders OAuth buttons" time="0.193839967">
        </testcase>
        <testcase classname="tests/components/OAuth.test.jsx" name="OAuth Component &gt; handles Google OAuth redirect without CLI mode" time="0.061762342">
        </testcase>
        <testcase classname="tests/components/OAuth.test.jsx" name="OAuth Component &gt; handles GitHub OAuth redirect without CLI mode" time="0.036664065">
        </testcase>
        <testcase classname="tests/components/OAuth.test.jsx" name="OAuth Component &gt; handles Google OAuth redirect with CLI mode" time="0.043609245">
        </testcase>
        <testcase classname="tests/components/OAuth.test.jsx" name="OAuth Component &gt; handles GitHub OAuth redirect with CLI mode" time="0.039518334">
        </testcase>
        <testcase classname="tests/components/OAuth.test.jsx" name="OAuth Component &gt; preserves query parameters across route changes" time="0.010849789">
        </testcase>
    </testsuite>
    <testsuite name="tests/components/SearchBar.test.jsx" timestamp="2025-02-18T12:31:49.563Z" hostname="Ali-Laptop" tests="5" failures="0" errors="0" skipped="0" time="0.332027399">
        <testcase classname="tests/components/SearchBar.test.jsx" name="SearchBar Component &gt; Rendering &gt; renders both search inputs correctly" time="0.078923618">
        </testcase>
        <testcase classname="tests/components/SearchBar.test.jsx" name="SearchBar Component &gt; Rendering &gt; renders with initial values" time="0.007920122">
        </testcase>
        <testcase classname="tests/components/SearchBar.test.jsx" name="SearchBar Component &gt; Interactions &gt; calls onKeywordChange when typing in keyword search" time="0.152109764">
        </testcase>
        <testcase classname="tests/components/SearchBar.test.jsx" name="SearchBar Component &gt; Interactions &gt; calls onTagChange when typing in tag search" time="0.068138173">
        </testcase>
        <testcase classname="tests/components/SearchBar.test.jsx" name="SearchBar Component &gt; Interactions &gt; handles empty input values" time="0.021256074">
        </testcase>
    </testsuite>
    <testsuite name="tests/components/SortControls.test.jsx" timestamp="2025-02-18T12:31:49.565Z" hostname="Ali-Laptop" tests="4" failures="0" errors="0" skipped="0" time="0.268722184">
        <testcase classname="tests/components/SortControls.test.jsx" name="SortControls Component &gt; renders all sort buttons" time="0.157223641">
        </testcase>
        <testcase classname="tests/components/SortControls.test.jsx" name="SortControls Component &gt; highlights active sort button" time="0.024315886">
        </testcase>
        <testcase classname="tests/components/SortControls.test.jsx" name="SortControls Component &gt; calls onSortByChange when clicking sort buttons" time="0.055169689">
        </testcase>
        <testcase classname="tests/components/SortControls.test.jsx" name="SortControls Component &gt; calls onSortOrderChange when clicking order toggle" time="0.029814688">
        </testcase>
    </testsuite>
    <testsuite name="tests/components/ThemeProvider.test.jsx" timestamp="2025-02-18T12:31:49.566Z" hostname="Ali-Laptop" tests="4" failures="0" errors="0" skipped="0" time="0.076662019">
        <testcase classname="tests/components/ThemeProvider.test.jsx" name="ThemeProvider &gt; Theme Application &gt; applies light theme by default" time="0.057311494">
        </testcase>
        <testcase classname="tests/components/ThemeProvider.test.jsx" name="ThemeProvider &gt; Theme Application &gt; applies dark theme when selected" time="0.005125097">
        </testcase>
        <testcase classname="tests/components/ThemeProvider.test.jsx" name="ThemeProvider &gt; Content Rendering &gt; renders children correctly" time="0.007795865">
        </testcase>
        <testcase classname="tests/components/ThemeProvider.test.jsx" name="ThemeProvider &gt; Content Rendering &gt; applies correct background and text colors" time="0.003938033">
        </testcase>
    </testsuite>
    <testsuite name="tests/components/Toolbar.test.jsx" timestamp="2025-02-18T12:31:49.567Z" hostname="Ali-Laptop" tests="2" failures="0" errors="0" skipped="0" time="0.819206765">
        <testcase classname="tests/components/Toolbar.test.jsx" name="Toolbar &gt; Basic Rendering &gt; renders basic formatting buttons" time="0.396194364">
        </testcase>
        <testcase classname="tests/components/Toolbar.test.jsx" name="Toolbar &gt; Basic Actions &gt; handles bold button click" time="0.374768881">
        </testcase>
    </testsuite>
    <testsuite name="tests/components/VersionHistoryModal.test.jsx" timestamp="2025-02-18T12:31:49.568Z" hostname="Ali-Laptop" tests="4" failures="0" errors="0" skipped="0" time="1.1099815">
        <testcase classname="tests/components/VersionHistoryModal.test.jsx" name="VersionHistoryModal &gt; Loading States &gt; shows loading state initially" time="0.348056881">
        </testcase>
        <testcase classname="tests/components/VersionHistoryModal.test.jsx" name="VersionHistoryModal &gt; Loading States &gt; loads and displays versions when modal is shown" time="0.16824389">
        </testcase>
        <testcase classname="tests/components/VersionHistoryModal.test.jsx" name="VersionHistoryModal &gt; Version Interaction &gt; handles version selection and comparison" time="0.397355214">
        </testcase>
        <testcase classname="tests/components/VersionHistoryModal.test.jsx" name="VersionHistoryModal &gt; Version Interaction &gt; enables compare button when version is selected" time="0.18966178">
        </testcase>
    </testsuite>
    <testsuite name="tests/pages/About.test.jsx" timestamp="2025-02-18T12:31:49.569Z" hostname="Ali-Laptop" tests="1" failures="0" errors="0" skipped="0" time="0.045913041">
        <testcase classname="tests/pages/About.test.jsx" name="About Component &gt; renders the welcome and features paragraphs" time="0.044128103">
        </testcase>
    </testsuite>
    <testsuite name="tests/pages/DemoPage.test.jsx" timestamp="2025-02-18T12:31:49.570Z" hostname="Ali-Laptop" tests="4" failures="0" errors="0" skipped="0" time="0.070470687">
        <testcase classname="tests/pages/DemoPage.test.jsx" name="DemoPage &gt; Rendering &gt; renders editor in edit mode" time="0.04662974">
        </testcase>
        <testcase classname="tests/pages/DemoPage.test.jsx" name="DemoPage &gt; Rendering &gt; renders preview in preview mode" time="0.008648693">
        </testcase>
        <testcase classname="tests/pages/DemoPage.test.jsx" name="DemoPage &gt; Rendering &gt; renders both editor and preview in split mode" time="0.005004196">
        </testcase>
        <testcase classname="tests/pages/DemoPage.test.jsx" name="DemoPage &gt; Rendering &gt; applies correct layout classes in split mode" time="0.006814195">
        </testcase>
    </testsuite>
    <testsuite name="tests/pages/NotFound.test.jsx" timestamp="2025-02-18T12:31:49.571Z" hostname="Ali-Laptop" tests="3" failures="0" errors="0" skipped="0" time="0.06146994">
        <testcase classname="tests/pages/NotFound.test.jsx" name="NotFound Component &gt; Rendering &gt; renders 404 page elements correctly" time="0.050046274">
        </testcase>
        <testcase classname="tests/pages/NotFound.test.jsx" name="NotFound Component &gt; Routing &gt; shows NotFound when accessing an unregistered route" time="0.004113595">
        </testcase>
        <testcase classname="tests/pages/NotFound.test.jsx" name="NotFound Component &gt; Routing &gt; does not show NotFound for registered routes" time="0.005057307">
        </testcase>
    </testsuite>
    <testsuite name="tests/pages/NotePage.test.jsx" timestamp="2025-02-18T12:31:49.572Z" hostname="Ali-Laptop" tests="6" failures="0" errors="0" skipped="0" time="2.326789015">
        <testcase classname="tests/pages/NotePage.test.jsx" name="NotePage &gt; NotePage Authentication &gt; Authentication Protection &gt; redirects to signin when user is not authenticated" time="0.744432806">
        </testcase>
        <testcase classname="tests/pages/NotePage.test.jsx" name="NotePage &gt; NotePage Authentication &gt; Authentication Protection &gt; allows access when user is authenticated" time="0.620017791">
        </testcase>
        <testcase classname="tests/pages/NotePage.test.jsx" name="NotePage &gt; Version Control &gt; initializes with latest version" time="0.403549672">
        </testcase>
        <testcase classname="tests/pages/NotePage.test.jsx" name="NotePage &gt; View Mode Rendering &gt; renders editor only in edit mode" time="0.292549043">
        </testcase>
        <testcase classname="tests/pages/NotePage.test.jsx" name="NotePage &gt; View Mode Rendering &gt; renders both editor and preview in split mode" time="0.186471191">
            <system-err>
Warning: An update to NotePage inside a test was not wrapped in act(...).

When testing, code that causes React state updates should be wrapped into act(...):

act(() =&gt; {
  /* fire events that update state */
});
/* assert on the output */

This ensures that you&apos;re testing the behavior the user would see in the browser. Learn more at https://reactjs.org/link/wrap-tests-with-act
    at NotePage (/home/aliahmad/2025-csc1049-ahmada5-noted/code/frontend/src/pages/NotePage.jsx:17:53)
    at RenderedRoute (file:///home/aliahmad/2025-csc1049-ahmada5-noted/code/frontend/node_modules/react-router/dist/development/chunk-K6AXKMTT.mjs:4355:26)
    at Routes (file:///home/aliahmad/2025-csc1049-ahmada5-noted/code/frontend/node_modules/react-router/dist/development/chunk-K6AXKMTT.mjs:5042:3)
    at div
    at div
    at ThemeProvider (/home/aliahmad/2025-csc1049-ahmada5-noted/code/frontend/src/components/ThemeProvider.jsx:4:26)
    at Router (file:///home/aliahmad/2025-csc1049-ahmada5-noted/code/frontend/node_modules/react-router/dist/development/chunk-K6AXKMTT.mjs:4985:13)
    at MemoryRouter (file:///home/aliahmad/2025-csc1049-ahmada5-noted/code/frontend/node_modules/react-router/dist/development/chunk-K6AXKMTT.mjs:4907:3)
    at Provider (file:///home/aliahmad/2025-csc1049-ahmada5-noted/code/frontend/node_modules/react-redux/dist/react-redux.mjs:875:11)
    at Wrapper (/home/aliahmad/2025-csc1049-ahmada5-noted/code/frontend/tests/test-utils.jsx:42:22)

            </system-err>
        </testcase>
        <testcase classname="tests/pages/NotePage.test.jsx" name="NotePage &gt; View Mode Rendering &gt; renders preview only in preview mode" time="0.060278782">
            <system-err>
Warning: An update to NotePage inside a test was not wrapped in act(...).

When testing, code that causes React state updates should be wrapped into act(...):

act(() =&gt; {
  /* fire events that update state */
});
/* assert on the output */

This ensures that you&apos;re testing the behavior the user would see in the browser. Learn more at https://reactjs.org/link/wrap-tests-with-act
    at NotePage (/home/aliahmad/2025-csc1049-ahmada5-noted/code/frontend/src/pages/NotePage.jsx:17:53)
    at RenderedRoute (file:///home/aliahmad/2025-csc1049-ahmada5-noted/code/frontend/node_modules/react-router/dist/development/chunk-K6AXKMTT.mjs:4355:26)
    at Routes (file:///home/aliahmad/2025-csc1049-ahmada5-noted/code/frontend/node_modules/react-router/dist/development/chunk-K6AXKMTT.mjs:5042:3)
    at div
    at div
    at ThemeProvider (/home/aliahmad/2025-csc1049-ahmada5-noted/code/frontend/src/components/ThemeProvider.jsx:4:26)
    at Router (file:///home/aliahmad/2025-csc1049-ahmada5-noted/code/frontend/node_modules/react-router/dist/development/chunk-K6AXKMTT.mjs:4985:13)
    at MemoryRouter (file:///home/aliahmad/2025-csc1049-ahmada5-noted/code/frontend/node_modules/react-router/dist/development/chunk-K6AXKMTT.mjs:4907:3)
    at Provider (file:///home/aliahmad/2025-csc1049-ahmada5-noted/code/frontend/node_modules/react-redux/dist/react-redux.mjs:875:11)
    at Wrapper (/home/aliahmad/2025-csc1049-ahmada5-noted/code/frontend/tests/test-utils.jsx:42:22)

            </system-err>
        </testcase>
    </testsuite>
    <testsuite name="tests/pages/SignIn.test.jsx" timestamp="2025-02-18T12:31:49.575Z" hostname="Ali-Laptop" tests="9" failures="0" errors="0" skipped="0" time="1.904260484">
        <testcase classname="tests/pages/SignIn.test.jsx" name="SignIn Component &gt; Rendering &gt; renders all form elements correctly" time="0.230392815">
        </testcase>
        <testcase classname="tests/pages/SignIn.test.jsx" name="SignIn Component &gt; Rendering &gt; includes OAuth component" time="0.053797592">
        </testcase>
        <testcase classname="tests/pages/SignIn.test.jsx" name="SignIn Component &gt; Navigation &gt; redirects to home when user is already authenticated" time="0.045171761">
        </testcase>
        <testcase classname="tests/pages/SignIn.test.jsx" name="SignIn Component &gt; Navigation &gt; redirects to signup page with CLI parameters" time="0.076620612">
        </testcase>
        <testcase classname="tests/pages/SignIn.test.jsx" name="SignIn Component &gt; Form Submission &gt; shows error when submitting empty form" time="0.06820388">
        </testcase>
        <testcase classname="tests/pages/SignIn.test.jsx" name="SignIn Component &gt; Form Submission &gt; handles successful login and redirects to home" time="0.503347053">
        </testcase>
        <testcase classname="tests/pages/SignIn.test.jsx" name="SignIn Component &gt; Form Submission &gt; handles CLI mode login correctly" time="0.438754395">
        </testcase>
        <testcase classname="tests/pages/SignIn.test.jsx" name="SignIn Component &gt; Form Submission &gt; handles failed login attempt" time="0.442414488">
        </testcase>
        <testcase classname="tests/pages/SignIn.test.jsx" name="SignIn Component &gt; Loading State &gt; shows loading spinner when submitting form" time="0.0415255">
        </testcase>
    </testsuite>
    <testsuite name="tests/pages/SignUp.test.jsx" timestamp="2025-02-18T12:31:49.578Z" hostname="Ali-Laptop" tests="10" failures="0" errors="0" skipped="0" time="2.712645822">
        <testcase classname="tests/pages/SignUp.test.jsx" name="SignUp Component &gt; Rendering &gt; renders all form elements correctly" time="0.233037763">
        </testcase>
        <testcase classname="tests/pages/SignUp.test.jsx" name="SignUp Component &gt; Rendering &gt; includes OAuth component" time="0.071843206">
        </testcase>
        <testcase classname="tests/pages/SignUp.test.jsx" name="SignUp Component &gt; Navigation &gt; redirects to home when user is already authenticated" time="0.051400775">
        </testcase>
        <testcase classname="tests/pages/SignUp.test.jsx" name="SignUp Component &gt; Navigation &gt; redirects to signin page with CLI parameters" time="0.088351586">
        </testcase>
        <testcase classname="tests/pages/SignUp.test.jsx" name="SignUp Component &gt; Form Submission &gt; shows error when submitting empty form" time="0.079222989">
        </testcase>
        <testcase classname="tests/pages/SignUp.test.jsx" name="SignUp Component &gt; Form Submission &gt; handles successful registration and redirects to home" time="0.845717509">
        </testcase>
        <testcase classname="tests/pages/SignUp.test.jsx" name="SignUp Component &gt; Form Submission &gt; handles master password setup after registration" time="0.09539421">
        </testcase>
        <testcase classname="tests/pages/SignUp.test.jsx" name="SignUp Component &gt; Form Submission &gt; handles CLI mode registration correctly" time="0.632643342">
        </testcase>
        <testcase classname="tests/pages/SignUp.test.jsx" name="SignUp Component &gt; Form Submission &gt; handles failed registration attempt" time="0.567929519">
        </testcase>
        <testcase classname="tests/pages/SignUp.test.jsx" name="SignUp Component &gt; Loading State &gt; shows loading spinner when submitting form" time="0.042612916">
        </testcase>
    </testsuite>
    <testsuite name="tests/utils/diff.test.js" timestamp="2025-02-18T12:31:49.581Z" hostname="Ali-Laptop" tests="17" failures="0" errors="0" skipped="0" time="0.016211172">
        <testcase classname="tests/utils/diff.test.js" name="diff_match_patch delta extensions &gt; diff_toDelta &gt; handles basic insertions" time="0.001095825">
        </testcase>
        <testcase classname="tests/utils/diff.test.js" name="diff_match_patch delta extensions &gt; diff_toDelta &gt; handles basic deletions" time="0.00018998">
        </testcase>
        <testcase classname="tests/utils/diff.test.js" name="diff_match_patch delta extensions &gt; diff_toDelta &gt; handles basic equality" time="0.000125931">
        </testcase>
        <testcase classname="tests/utils/diff.test.js" name="diff_match_patch delta extensions &gt; diff_toDelta &gt; handles special characters" time="0.000156195">
        </testcase>
        <testcase classname="tests/utils/diff.test.js" name="diff_match_patch delta extensions &gt; diff_fromDelta &gt; handles basic insertions" time="0.000954017">
        </testcase>
        <testcase classname="tests/utils/diff.test.js" name="diff_match_patch delta extensions &gt; diff_fromDelta &gt; handles basic deletions" time="0.000192665">
        </testcase>
        <testcase classname="tests/utils/diff.test.js" name="diff_match_patch delta extensions &gt; diff_fromDelta &gt; handles basic equality" time="0.000132089">
        </testcase>
        <testcase classname="tests/utils/diff.test.js" name="diff_match_patch delta extensions &gt; diff_fromDelta &gt; handles mixed operations" time="0.00017031">
        </testcase>
        <testcase classname="tests/utils/diff.test.js" name="diff_match_patch delta extensions &gt; diff_fromDelta &gt; throws error on invalid delta" time="0.000662112">
        </testcase>
        <testcase classname="tests/utils/diff.test.js" name="diff_match_patch delta extensions &gt; diff_fromDelta &gt; throws error on invalid length" time="0.000287128">
        </testcase>
        <testcase classname="tests/utils/diff.test.js" name="Version control utilities &gt; shouldCreateSnapshot &gt; returns true for version numbers divisible by 10" time="0.000155596">
        </testcase>
        <testcase classname="tests/utils/diff.test.js" name="Version control utilities &gt; shouldCreateSnapshot &gt; returns false for version numbers not divisible by 10" time="0.000117827">
        </testcase>
        <testcase classname="tests/utils/diff.test.js" name="Version control utilities &gt; buildVersionContent &gt; returns empty string for empty chain" time="0.000392448">
        </testcase>
        <testcase classname="tests/utils/diff.test.js" name="Version control utilities &gt; buildVersionContent &gt; returns snapshot content when chain only contains snapshot" time="0.000381763">
        </testcase>
        <testcase classname="tests/utils/diff.test.js" name="Version control utilities &gt; buildVersionContent &gt; applies diffs correctly" time="0.000838557">
        </testcase>
        <testcase classname="tests/utils/diff.test.js" name="Version control utilities &gt; buildVersionContent &gt; returns empty string when chain doesn&apos;t start with snapshot" time="0.000922624">
            <system-err>
Warning: Chain doesn&apos;t start with snapshot (starts with diff)

            </system-err>
        </testcase>
        <testcase classname="tests/utils/diff.test.js" name="Version control utilities &gt; buildVersionContent &gt; handles decryption errors gracefully" time="0.007715458">
            <system-err>
Failed to decrypt version content: Error: Decryption failed
    at [90m/home/aliahmad/2025-csc1049-ahmada5-noted/code/frontend/[39mtests/utils/diff.test.js:175:66
    at [90mfile:///home/aliahmad/2025-csc1049-ahmada5-noted/code/frontend/[39mnode_modules/[4m@vitest[24m/runner/dist/index.js:174:14
    at [90mfile:///home/aliahmad/2025-csc1049-ahmada5-noted/code/frontend/[39mnode_modules/[4m@vitest[24m/runner/dist/index.js:561:28
    at [90mfile:///home/aliahmad/2025-csc1049-ahmada5-noted/code/frontend/[39mnode_modules/[4m@vitest[24m/runner/dist/index.js:61:24
    at new Promise (&lt;anonymous&gt;)
    at runWithTimeout [90m(file:///home/aliahmad/2025-csc1049-ahmada5-noted/code/frontend/[39mnode_modules/[4m@vitest[24m/runner/dist/index.js:41:12[90m)[39m
    at runTest [90m(file:///home/aliahmad/2025-csc1049-ahmada5-noted/code/frontend/[39mnode_modules/[4m@vitest[24m/runner/dist/index.js:1140:17[90m)[39m
[90m    at processTicksAndRejections (node:internal/process/task_queues:105:5)[39m
    at runSuite [90m(file:///home/aliahmad/2025-csc1049-ahmada5-noted/code/frontend/[39mnode_modules/[4m@vitest[24m/runner/dist/index.js:1294:15[90m)[39m
    at runSuite [90m(file:///home/aliahmad/2025-csc1049-ahmada5-noted/code/frontend/[39mnode_modules/[4m@vitest[24m/runner/dist/index.js:1294:15[90m)[39m

Failed to decrypt initial snapshot: Error: Failed to decrypt version content
    at decryptVersionContent [90m(/home/aliahmad/2025-csc1049-ahmada5-noted/code/frontend/[39msrc/utils/diff.js:115:11[90m)[39m
[90m    at processTicksAndRejections (node:internal/process/task_queues:105:5)[39m
    at buildVersionContent [90m(/home/aliahmad/2025-csc1049-ahmada5-noted/code/frontend/[39msrc/utils/diff.js:141:15[90m)[39m
    at [90m/home/aliahmad/2025-csc1049-ahmada5-noted/code/frontend/[39mtests/utils/diff.test.js:185:7
    at [90mfile:///home/aliahmad/2025-csc1049-ahmada5-noted/code/frontend/[39mnode_modules/[4m@vitest[24m/runner/dist/index.js:561:22

            </system-err>
        </testcase>
    </testsuite>
</testsuites>
