<?xml version="1.0" encoding="UTF-8" ?>
<testsuites name="vitest tests" tests="108" failures="0" errors="0" time="17.040864602">
    <testsuite name="tests/components/EditorStatusBar.test.jsx" timestamp="2025-02-12T21:36:10.492Z" hostname="Ali-Laptop" tests="1" failures="0" errors="0" skipped="0" time="0.098758527">
        <testcase classname="tests/components/EditorStatusBar.test.jsx" name="EditorStatusBar &gt; Rendering &gt; renders all editor options" time="0.096626238">
        </testcase>
    </testsuite>
    <testsuite name="tests/components/Header.test.jsx" timestamp="2025-02-12T21:36:10.494Z" hostname="Ali-Laptop" tests="10" failures="0" errors="0" skipped="0" time="1.712876394">
        <testcase classname="tests/components/Header.test.jsx" name="Header Component &gt; Theme Toggle &gt; toggles theme between light and dark" time="0.347826069">
        </testcase>
        <testcase classname="tests/components/Header.test.jsx" name="Header Component &gt; Navigation &gt; navigates to correct routes when clicking nav links" time="0.096952161">
        </testcase>
        <testcase classname="tests/components/Header.test.jsx" name="Header Component &gt; Authentication State &gt; shows sign in button when user is not authenticated" time="0.049596465">
        </testcase>
        <testcase classname="tests/components/Header.test.jsx" name="Header Component &gt; Authentication State &gt; shows logout button and handles logout when user is authenticated" time="0.150314856">
        </testcase>
        <testcase classname="tests/components/Header.test.jsx" name="Header Component &gt; Note Creation Modal &gt; opens note creation modal when authenticated user clicks new note" time="0.220031184">
        </testcase>
        <testcase classname="tests/components/Header.test.jsx" name="Header Component &gt; Note Creation Modal &gt; redirects to signin when unauthenticated user clicks new note" time="0.083188195">
        </testcase>
        <testcase classname="tests/components/Header.test.jsx" name="Header Component &gt; View Mode Controls &gt; shows view mode controls only on note pages" time="0.09004257">
        </testcase>
        <testcase classname="tests/components/Header.test.jsx" name="Header Component &gt; View Mode Controls &gt; changes view mode when clicking view mode buttons" time="0.074730004">
        </testcase>
        <testcase classname="tests/components/Header.test.jsx" name="Header Component &gt; Version History &gt; shows version history button only on note pages with active note" time="0.047281432">
        </testcase>
        <testcase classname="tests/components/Header.test.jsx" name="Header Component &gt; Version History &gt; Version History &gt; opens version history modal when clicking history button" time="0.548128433">
            <system-err>
TypeError: textRange(...).getClientRects is not a function
    at textCoords [90m(file:///home/aliahmad/2025-csc1049-ahmada5-noted/code/frontend/[39mnode_modules/[4m@codemirror[24m/view/dist/index.js:891:43[90m)[39m
    at TextView.coordsAt [90m(file:///home/aliahmad/2025-csc1049-ahmada5-noted/code/frontend/[39mnode_modules/[4m@codemirror[24m/view/dist/index.js:797:16[90m)[39m
    at coordsInChildren [90m(file:///home/aliahmad/2025-csc1049-ahmada5-noted/code/frontend/[39mnode_modules/[4m@codemirror[24m/view/dist/index.js:1085:23[90m)[39m
    at LineView.coordsAt [90m(file:///home/aliahmad/2025-csc1049-ahmada5-noted/code/frontend/[39mnode_modules/[4m@codemirror[24m/view/dist/index.js:1569:20[90m)[39m
    at DocView.coordsAt [90m(file:///home/aliahmad/2025-csc1049-ahmada5-noted/code/frontend/[39mnode_modules/[4m@codemirror[24m/view/dist/index.js:3116:28[90m)[39m
    at EditorView.coordsAtPos [90m(file:///home/aliahmad/2025-csc1049-ahmada5-noted/code/frontend/[39mnode_modules/[4m@codemirror[24m/view/dist/index.js:8074:33[90m)[39m
    at Function.forRange [90m(file:///home/aliahmad/2025-csc1049-ahmada5-noted/code/frontend/[39mnode_modules/[4m@codemirror[24m/view/dist/index.js:8816:28[90m)[39m
    at Object.markers [90m(file:///home/aliahmad/2025-csc1049-ahmada5-noted/code/frontend/[39mnode_modules/[4m@codemirror[24m/view/dist/index.js:9081:51[90m)[39m
    at LayerView.measure [90m(file:///home/aliahmad/2025-csc1049-ahmada5-noted/code/frontend/[39mnode_modules/[4m@codemirror[24m/view/dist/index.js:8973:27[90m)[39m
    at [90mfile:///home/aliahmad/2025-csc1049-ahmada5-noted/code/frontend/[39mnode_modules/[4m@codemirror[24m/view/dist/index.js:7745:34

            </system-err>
        </testcase>
    </testsuite>
    <testsuite name="tests/components/NoteCard.test.jsx" timestamp="2025-02-12T21:36:10.499Z" hostname="Ali-Laptop" tests="8" failures="0" errors="0" skipped="0" time="1.143511188">
        <testcase classname="tests/components/NoteCard.test.jsx" name="NoteCard Component &gt; Rendering &gt; renders basic note information correctly" time="0.300703098">
            <system-err>
Warning: Failed prop type: The prop `onDelete` is marked as required in `NoteCard`, but its value is `undefined`.
    at NoteCard (/home/aliahmad/2025-csc1049-ahmada5-noted/code/frontend/src/components/Notes/NoteCard.jsx:8:21)

            </system-err>
        </testcase>
        <testcase classname="tests/components/NoteCard.test.jsx" name="NoteCard Component &gt; renders initial tags with &quot;more&quot; button when there are more than MAX_VISIBLE_TAGS" time="0.037712113">
        </testcase>
        <testcase classname="tests/components/NoteCard.test.jsx" name="NoteCard Component &gt; renders all tags when note has fewer than MAX_VISIBLE_TAGS" time="0.019125427">
        </testcase>
        <testcase classname="tests/components/NoteCard.test.jsx" name="NoteCard Component &gt; Interactions &gt; calls onClick when clicking the card" time="0.062967446">
        </testcase>
        <testcase classname="tests/components/NoteCard.test.jsx" name="NoteCard Component &gt; Interactions &gt; calls onTagClick when clicking a tag" time="0.046489288">
        </testcase>
        <testcase classname="tests/components/NoteCard.test.jsx" name="NoteCard Component &gt; Interactions &gt; opens edit modal when clicking edit button" time="0.264964656">
        </testcase>
        <testcase classname="tests/components/NoteCard.test.jsx" name="NoteCard Component &gt; Interactions &gt; shows and hides all tags modal" time="0.146278843">
        </testcase>
        <testcase classname="tests/components/NoteCard.test.jsx" name="NoteCard Component &gt; Interactions &gt; prevents event propagation when clicking interactive elements" time="0.253196595">
        </testcase>
    </testsuite>
    <testsuite name="tests/components/NoteModal.test.jsx" timestamp="2025-02-12T21:36:10.502Z" hostname="Ali-Laptop" tests="8" failures="0" errors="0" skipped="0" time="1.538455208">
        <testcase classname="tests/components/NoteModal.test.jsx" name="NoteModal Component &gt; Create Mode &gt; renders create note form correctly" time="0.321588256">
        </testcase>
        <testcase classname="tests/components/NoteModal.test.jsx" name="NoteModal Component &gt; Create Mode &gt; handles title input" time="0.098534857">
        </testcase>
        <testcase classname="tests/components/NoteModal.test.jsx" name="NoteModal Component &gt; Create Mode &gt; handles tags input" time="0.12467835">
        </testcase>
        <testcase classname="tests/components/NoteModal.test.jsx" name="NoteModal Component &gt; Create Mode &gt; enables submit button when title is provided" time="0.105228452">
        </testcase>
        <testcase classname="tests/components/NoteModal.test.jsx" name="NoteModal Component &gt; Edit Mode &gt; renders edit note form correctly" time="0.110082932">
        </testcase>
        <testcase classname="tests/components/NoteModal.test.jsx" name="NoteModal Component &gt; Edit Mode &gt; pre-fills form with note data" time="0.078347054">
        </testcase>
        <testcase classname="tests/components/NoteModal.test.jsx" name="NoteModal Component &gt; Edit Mode &gt; updates form fields correctly" time="0.131655879">
        </testcase>
        <testcase classname="tests/components/NoteModal.test.jsx" name="NoteModal Component &gt; Form Submission &gt; handles create note submission" time="0.561984467">
        </testcase>
    </testsuite>
    <testsuite name="tests/components/NotePreview.test.jsx" timestamp="2025-02-12T21:36:10.505Z" hostname="Ali-Laptop" tests="7" failures="0" errors="0" skipped="0" time="0.546506457">
        <testcase classname="tests/components/NotePreview.test.jsx" name="NotePreview Component &gt; Markdown Rendering &gt; renders basic markdown elements correctly" time="0.16963853">
        </testcase>
        <testcase classname="tests/components/NotePreview.test.jsx" name="NotePreview Component &gt; Markdown Rendering &gt; renders task lists correctly" time="0.177546527">
        </testcase>
        <testcase classname="tests/components/NotePreview.test.jsx" name="NotePreview Component &gt; Markdown Rendering &gt; renders inline code correctly" time="0.011924103">
        </testcase>
        <testcase classname="tests/components/NotePreview.test.jsx" name="NotePreview Component &gt; Markdown Rendering &gt; renders links correctly" time="0.036234036">
        </testcase>
        <testcase classname="tests/components/NotePreview.test.jsx" name="NotePreview Component &gt; Markdown Rendering &gt; renders tables correctly" time="0.052280567">
        </testcase>
        <testcase classname="tests/components/NotePreview.test.jsx" name="NotePreview Component &gt; Advanced Markdown Features &gt; renders strikethrough text" time="0.046334004">
        </testcase>
        <testcase classname="tests/components/NotePreview.test.jsx" name="NotePreview Component &gt; Advanced Markdown Features &gt; renders definition lists" time="0.050431694">
        </testcase>
    </testsuite>
    <testsuite name="tests/components/OAuth.test.jsx" timestamp="2025-02-12T21:36:10.507Z" hostname="Ali-Laptop" tests="6" failures="0" errors="0" skipped="0" time="0.447510518">
        <testcase classname="tests/components/OAuth.test.jsx" name="OAuth Component &gt; renders OAuth buttons" time="0.233506997">
        </testcase>
        <testcase classname="tests/components/OAuth.test.jsx" name="OAuth Component &gt; handles Google OAuth redirect without CLI mode" time="0.061599936">
        </testcase>
        <testcase classname="tests/components/OAuth.test.jsx" name="OAuth Component &gt; handles GitHub OAuth redirect without CLI mode" time="0.043959236">
        </testcase>
        <testcase classname="tests/components/OAuth.test.jsx" name="OAuth Component &gt; handles Google OAuth redirect with CLI mode" time="0.04812956">
        </testcase>
        <testcase classname="tests/components/OAuth.test.jsx" name="OAuth Component &gt; handles GitHub OAuth redirect with CLI mode" time="0.045653536">
        </testcase>
        <testcase classname="tests/components/OAuth.test.jsx" name="OAuth Component &gt; preserves query parameters across route changes" time="0.011571405">
        </testcase>
    </testsuite>
    <testsuite name="tests/components/SearchBar.test.jsx" timestamp="2025-02-12T21:36:10.509Z" hostname="Ali-Laptop" tests="5" failures="0" errors="0" skipped="0" time="0.393675127">
        <testcase classname="tests/components/SearchBar.test.jsx" name="SearchBar Component &gt; Rendering &gt; renders both search inputs correctly" time="0.095287685">
        </testcase>
        <testcase classname="tests/components/SearchBar.test.jsx" name="SearchBar Component &gt; Rendering &gt; renders with initial values" time="0.009431039">
        </testcase>
        <testcase classname="tests/components/SearchBar.test.jsx" name="SearchBar Component &gt; Interactions &gt; calls onKeywordChange when typing in keyword search" time="0.194172596">
        </testcase>
        <testcase classname="tests/components/SearchBar.test.jsx" name="SearchBar Component &gt; Interactions &gt; calls onTagChange when typing in tag search" time="0.056204966">
        </testcase>
        <testcase classname="tests/components/SearchBar.test.jsx" name="SearchBar Component &gt; Interactions &gt; handles empty input values" time="0.033657933">
        </testcase>
    </testsuite>
    <testsuite name="tests/components/SortControls.test.jsx" timestamp="2025-02-12T21:36:10.511Z" hostname="Ali-Laptop" tests="4" failures="0" errors="0" skipped="0" time="0.327786203">
        <testcase classname="tests/components/SortControls.test.jsx" name="SortControls Component &gt; renders all sort buttons" time="0.206289301">
        </testcase>
        <testcase classname="tests/components/SortControls.test.jsx" name="SortControls Component &gt; highlights active sort button" time="0.030341327">
        </testcase>
        <testcase classname="tests/components/SortControls.test.jsx" name="SortControls Component &gt; calls onSortByChange when clicking sort buttons" time="0.057807249">
        </testcase>
        <testcase classname="tests/components/SortControls.test.jsx" name="SortControls Component &gt; calls onSortOrderChange when clicking order toggle" time="0.03074164">
        </testcase>
    </testsuite>
    <testsuite name="tests/components/ThemeProvider.test.jsx" timestamp="2025-02-12T21:36:10.513Z" hostname="Ali-Laptop" tests="4" failures="0" errors="0" skipped="0" time="0.100587318">
        <testcase classname="tests/components/ThemeProvider.test.jsx" name="ThemeProvider &gt; Theme Application &gt; applies light theme by default" time="0.070905851">
        </testcase>
        <testcase classname="tests/components/ThemeProvider.test.jsx" name="ThemeProvider &gt; Theme Application &gt; applies dark theme when selected" time="0.009139117">
        </testcase>
        <testcase classname="tests/components/ThemeProvider.test.jsx" name="ThemeProvider &gt; Content Rendering &gt; renders children correctly" time="0.011765882">
        </testcase>
        <testcase classname="tests/components/ThemeProvider.test.jsx" name="ThemeProvider &gt; Content Rendering &gt; applies correct background and text colors" time="0.00532611">
        </testcase>
    </testsuite>
    <testsuite name="tests/components/Toolbar.test.jsx" timestamp="2025-02-12T21:36:10.514Z" hostname="Ali-Laptop" tests="2" failures="0" errors="0" skipped="0" time="0.899495812">
        <testcase classname="tests/components/Toolbar.test.jsx" name="Toolbar &gt; Basic Rendering &gt; renders basic formatting buttons" time="0.477872698">
        </testcase>
        <testcase classname="tests/components/Toolbar.test.jsx" name="Toolbar &gt; Basic Actions &gt; handles bold button click" time="0.377760006">
        </testcase>
    </testsuite>
    <testsuite name="tests/components/VersionHistoryModal.test.jsx" timestamp="2025-02-12T21:36:10.515Z" hostname="Ali-Laptop" tests="5" failures="0" errors="0" skipped="0" time="1.419195809">
        <testcase classname="tests/components/VersionHistoryModal.test.jsx" name="VersionHistoryModal &gt; Loading States &gt; shows loading state initially" time="0.420051718">
        </testcase>
        <testcase classname="tests/components/VersionHistoryModal.test.jsx" name="VersionHistoryModal &gt; Loading States &gt; loads and displays versions when modal is shown" time="0.186243516">
        </testcase>
        <testcase classname="tests/components/VersionHistoryModal.test.jsx" name="VersionHistoryModal &gt; handles version comparison" time="0.326818167">
        </testcase>
        <testcase classname="tests/components/VersionHistoryModal.test.jsx" name="Modal Controls &gt; calls onClose when close button is clicked" time="0.178090665">
        </testcase>
        <testcase classname="tests/components/VersionHistoryModal.test.jsx" name="Modal Controls &gt; Version Interaction &gt; handles version comparison" time="0.303542008">
        </testcase>
    </testsuite>
    <testsuite name="tests/pages/About.test.jsx" timestamp="2025-02-12T21:36:10.517Z" hostname="Ali-Laptop" tests="1" failures="0" errors="0" skipped="0" time="0.058051482">
        <testcase classname="tests/pages/About.test.jsx" name="About Component &gt; renders the welcome and features paragraphs" time="0.056254445">
        </testcase>
    </testsuite>
    <testsuite name="tests/pages/DemoPage.test.jsx" timestamp="2025-02-12T21:36:10.517Z" hostname="Ali-Laptop" tests="4" failures="0" errors="0" skipped="0" time="0.079255224">
        <testcase classname="tests/pages/DemoPage.test.jsx" name="DemoPage &gt; Rendering &gt; renders editor in edit mode" time="0.052611348">
        </testcase>
        <testcase classname="tests/pages/DemoPage.test.jsx" name="DemoPage &gt; Rendering &gt; renders preview in preview mode" time="0.008341823">
        </testcase>
        <testcase classname="tests/pages/DemoPage.test.jsx" name="DemoPage &gt; Rendering &gt; renders both editor and preview in split mode" time="0.006047806">
        </testcase>
        <testcase classname="tests/pages/DemoPage.test.jsx" name="DemoPage &gt; Rendering &gt; applies correct layout classes in split mode" time="0.007369557">
        </testcase>
    </testsuite>
    <testsuite name="tests/pages/NotFound.test.jsx" timestamp="2025-02-12T21:36:10.519Z" hostname="Ali-Laptop" tests="3" failures="0" errors="0" skipped="0" time="0.067472078">
        <testcase classname="tests/pages/NotFound.test.jsx" name="NotFound Component &gt; Rendering &gt; renders 404 page elements correctly" time="0.053394777">
        </testcase>
        <testcase classname="tests/pages/NotFound.test.jsx" name="NotFound Component &gt; Routing &gt; shows NotFound when accessing an unregistered route" time="0.005616517">
        </testcase>
        <testcase classname="tests/pages/NotFound.test.jsx" name="NotFound Component &gt; Routing &gt; does not show NotFound for registered routes" time="0.005926999">
        </testcase>
    </testsuite>
    <testsuite name="tests/pages/NotePage.test.jsx" timestamp="2025-02-12T21:36:10.520Z" hostname="Ali-Laptop" tests="6" failures="0" errors="0" skipped="0" time="2.785773928">
        <testcase classname="tests/pages/NotePage.test.jsx" name="NotePage &gt; NotePage Authentication &gt; Authentication Protection &gt; redirects to signin when user is not authenticated" time="0.974242457">
        </testcase>
        <testcase classname="tests/pages/NotePage.test.jsx" name="NotePage &gt; NotePage Authentication &gt; Authentication Protection &gt; allows access when user is authenticated" time="0.796056808">
        </testcase>
        <testcase classname="tests/pages/NotePage.test.jsx" name="NotePage &gt; Version Control &gt; initializes with latest version" time="0.42740426">
        </testcase>
        <testcase classname="tests/pages/NotePage.test.jsx" name="NotePage &gt; View Mode Rendering &gt; renders editor only in edit mode" time="0.204802639">
            <system-err>
Warning: An update to NotePage inside a test was not wrapped in act(...).

When testing, code that causes React state updates should be wrapped into act(...):

act(() =&gt; {
  /* fire events that update state */
});
/* assert on the output */

This ensures that you&apos;re testing the behavior the user would see in the browser. Learn more at https://reactjs.org/link/wrap-tests-with-act
    at NotePage (/home/aliahmad/2025-csc1049-ahmada5-noted/code/frontend/src/pages/NotePage.jsx:16:53)
    at RenderedRoute (file:///home/aliahmad/2025-csc1049-ahmada5-noted/code/frontend/node_modules/react-router/dist/development/chunk-K6AXKMTT.mjs:4355:26)
    at Routes (file:///home/aliahmad/2025-csc1049-ahmada5-noted/code/frontend/node_modules/react-router/dist/development/chunk-K6AXKMTT.mjs:5042:3)
    at div
    at div
    at ThemeProvider (/home/aliahmad/2025-csc1049-ahmada5-noted/code/frontend/src/components/ThemeProvider.jsx:4:26)
    at Router (file:///home/aliahmad/2025-csc1049-ahmada5-noted/code/frontend/node_modules/react-router/dist/development/chunk-K6AXKMTT.mjs:4985:13)
    at MemoryRouter (file:///home/aliahmad/2025-csc1049-ahmada5-noted/code/frontend/node_modules/react-router/dist/development/chunk-K6AXKMTT.mjs:4907:3)
    at Provider (file:///home/aliahmad/2025-csc1049-ahmada5-noted/code/frontend/node_modules/react-redux/dist/react-redux.mjs:875:11)
    at Wrapper (/home/aliahmad/2025-csc1049-ahmada5-noted/code/frontend/tests/test-utils.jsx:42:22)
Warning: An update to NotePage inside a test was not wrapped in act(...).

When testing, code that causes React state updates should be wrapped into act(...):

act(() =&gt; {
  /* fire events that update state */
});
/* assert on the output */

This ensures that you&apos;re testing the behavior the user would see in the browser. Learn more at https://reactjs.org/link/wrap-tests-with-act
    at NotePage (/home/aliahmad/2025-csc1049-ahmada5-noted/code/frontend/src/pages/NotePage.jsx:16:53)
    at RenderedRoute (file:///home/aliahmad/2025-csc1049-ahmada5-noted/code/frontend/node_modules/react-router/dist/development/chunk-K6AXKMTT.mjs:4355:26)
    at Routes (file:///home/aliahmad/2025-csc1049-ahmada5-noted/code/frontend/node_modules/react-router/dist/development/chunk-K6AXKMTT.mjs:5042:3)
    at div
    at div
    at ThemeProvider (/home/aliahmad/2025-csc1049-ahmada5-noted/code/frontend/src/components/ThemeProvider.jsx:4:26)
    at Router (file:///home/aliahmad/2025-csc1049-ahmada5-noted/code/frontend/node_modules/react-router/dist/development/chunk-K6AXKMTT.mjs:4985:13)
    at MemoryRouter (file:///home/aliahmad/2025-csc1049-ahmada5-noted/code/frontend/node_modules/react-router/dist/development/chunk-K6AXKMTT.mjs:4907:3)
    at Provider (file:///home/aliahmad/2025-csc1049-ahmada5-noted/code/frontend/node_modules/react-redux/dist/react-redux.mjs:875:11)
    at Wrapper (/home/aliahmad/2025-csc1049-ahmada5-noted/code/frontend/tests/test-utils.jsx:42:22)
Warning: An update to NotePage inside a test was not wrapped in act(...).

When testing, code that causes React state updates should be wrapped into act(...):

act(() =&gt; {
  /* fire events that update state */
});
/* assert on the output */

This ensures that you&apos;re testing the behavior the user would see in the browser. Learn more at https://reactjs.org/link/wrap-tests-with-act
    at NotePage (/home/aliahmad/2025-csc1049-ahmada5-noted/code/frontend/src/pages/NotePage.jsx:16:53)
    at RenderedRoute (file:///home/aliahmad/2025-csc1049-ahmada5-noted/code/frontend/node_modules/react-router/dist/development/chunk-K6AXKMTT.mjs:4355:26)
    at Routes (file:///home/aliahmad/2025-csc1049-ahmada5-noted/code/frontend/node_modules/react-router/dist/development/chunk-K6AXKMTT.mjs:5042:3)
    at div
    at div
    at ThemeProvider (/home/aliahmad/2025-csc1049-ahmada5-noted/code/frontend/src/components/ThemeProvider.jsx:4:26)
    at Router (file:///home/aliahmad/2025-csc1049-ahmada5-noted/code/frontend/node_modules/react-router/dist/development/chunk-K6AXKMTT.mjs:4985:13)
    at MemoryRouter (file:///home/aliahmad/2025-csc1049-ahmada5-noted/code/frontend/node_modules/react-router/dist/development/chunk-K6AXKMTT.mjs:4907:3)
    at Provider (file:///home/aliahmad/2025-csc1049-ahmada5-noted/code/frontend/node_modules/react-redux/dist/react-redux.mjs:875:11)
    at Wrapper (/home/aliahmad/2025-csc1049-ahmada5-noted/code/frontend/tests/test-utils.jsx:42:22)

            </system-err>
        </testcase>
        <testcase classname="tests/pages/NotePage.test.jsx" name="NotePage &gt; View Mode Rendering &gt; renders both editor and preview in split mode" time="0.274229073">
            <system-err>
Warning: An update to NotePage inside a test was not wrapped in act(...).

When testing, code that causes React state updates should be wrapped into act(...):

act(() =&gt; {
  /* fire events that update state */
});
/* assert on the output */

This ensures that you&apos;re testing the behavior the user would see in the browser. Learn more at https://reactjs.org/link/wrap-tests-with-act
    at NotePage (/home/aliahmad/2025-csc1049-ahmada5-noted/code/frontend/src/pages/NotePage.jsx:16:53)
    at RenderedRoute (file:///home/aliahmad/2025-csc1049-ahmada5-noted/code/frontend/node_modules/react-router/dist/development/chunk-K6AXKMTT.mjs:4355:26)
    at Routes (file:///home/aliahmad/2025-csc1049-ahmada5-noted/code/frontend/node_modules/react-router/dist/development/chunk-K6AXKMTT.mjs:5042:3)
    at div
    at div
    at ThemeProvider (/home/aliahmad/2025-csc1049-ahmada5-noted/code/frontend/src/components/ThemeProvider.jsx:4:26)
    at Router (file:///home/aliahmad/2025-csc1049-ahmada5-noted/code/frontend/node_modules/react-router/dist/development/chunk-K6AXKMTT.mjs:4985:13)
    at MemoryRouter (file:///home/aliahmad/2025-csc1049-ahmada5-noted/code/frontend/node_modules/react-router/dist/development/chunk-K6AXKMTT.mjs:4907:3)
    at Provider (file:///home/aliahmad/2025-csc1049-ahmada5-noted/code/frontend/node_modules/react-redux/dist/react-redux.mjs:875:11)
    at Wrapper (/home/aliahmad/2025-csc1049-ahmada5-noted/code/frontend/tests/test-utils.jsx:42:22)
Warning: An update to NotePage inside a test was not wrapped in act(...).

When testing, code that causes React state updates should be wrapped into act(...):

act(() =&gt; {
  /* fire events that update state */
});
/* assert on the output */

This ensures that you&apos;re testing the behavior the user would see in the browser. Learn more at https://reactjs.org/link/wrap-tests-with-act
    at NotePage (/home/aliahmad/2025-csc1049-ahmada5-noted/code/frontend/src/pages/NotePage.jsx:16:53)
    at RenderedRoute (file:///home/aliahmad/2025-csc1049-ahmada5-noted/code/frontend/node_modules/react-router/dist/development/chunk-K6AXKMTT.mjs:4355:26)
    at Routes (file:///home/aliahmad/2025-csc1049-ahmada5-noted/code/frontend/node_modules/react-router/dist/development/chunk-K6AXKMTT.mjs:5042:3)
    at div
    at div
    at ThemeProvider (/home/aliahmad/2025-csc1049-ahmada5-noted/code/frontend/src/components/ThemeProvider.jsx:4:26)
    at Router (file:///home/aliahmad/2025-csc1049-ahmada5-noted/code/frontend/node_modules/react-router/dist/development/chunk-K6AXKMTT.mjs:4985:13)
    at MemoryRouter (file:///home/aliahmad/2025-csc1049-ahmada5-noted/code/frontend/node_modules/react-router/dist/development/chunk-K6AXKMTT.mjs:4907:3)
    at Provider (file:///home/aliahmad/2025-csc1049-ahmada5-noted/code/frontend/node_modules/react-redux/dist/react-redux.mjs:875:11)
    at Wrapper (/home/aliahmad/2025-csc1049-ahmada5-noted/code/frontend/tests/test-utils.jsx:42:22)
Warning: An update to NotePage inside a test was not wrapped in act(...).

When testing, code that causes React state updates should be wrapped into act(...):

act(() =&gt; {
  /* fire events that update state */
});
/* assert on the output */

This ensures that you&apos;re testing the behavior the user would see in the browser. Learn more at https://reactjs.org/link/wrap-tests-with-act
    at NotePage (/home/aliahmad/2025-csc1049-ahmada5-noted/code/frontend/src/pages/NotePage.jsx:16:53)
    at RenderedRoute (file:///home/aliahmad/2025-csc1049-ahmada5-noted/code/frontend/node_modules/react-router/dist/development/chunk-K6AXKMTT.mjs:4355:26)
    at Routes (file:///home/aliahmad/2025-csc1049-ahmada5-noted/code/frontend/node_modules/react-router/dist/development/chunk-K6AXKMTT.mjs:5042:3)
    at div
    at div
    at ThemeProvider (/home/aliahmad/2025-csc1049-ahmada5-noted/code/frontend/src/components/ThemeProvider.jsx:4:26)
    at Router (file:///home/aliahmad/2025-csc1049-ahmada5-noted/code/frontend/node_modules/react-router/dist/development/chunk-K6AXKMTT.mjs:4985:13)
    at MemoryRouter (file:///home/aliahmad/2025-csc1049-ahmada5-noted/code/frontend/node_modules/react-router/dist/development/chunk-K6AXKMTT.mjs:4907:3)
    at Provider (file:///home/aliahmad/2025-csc1049-ahmada5-noted/code/frontend/node_modules/react-redux/dist/react-redux.mjs:875:11)
    at Wrapper (/home/aliahmad/2025-csc1049-ahmada5-noted/code/frontend/tests/test-utils.jsx:42:22)

            </system-err>
        </testcase>
        <testcase classname="tests/pages/NotePage.test.jsx" name="NotePage &gt; View Mode Rendering &gt; renders preview only in preview mode" time="0.0683966">
            <system-err>
Warning: An update to NotePage inside a test was not wrapped in act(...).

When testing, code that causes React state updates should be wrapped into act(...):

act(() =&gt; {
  /* fire events that update state */
});
/* assert on the output */

This ensures that you&apos;re testing the behavior the user would see in the browser. Learn more at https://reactjs.org/link/wrap-tests-with-act
    at NotePage (/home/aliahmad/2025-csc1049-ahmada5-noted/code/frontend/src/pages/NotePage.jsx:16:53)
    at RenderedRoute (file:///home/aliahmad/2025-csc1049-ahmada5-noted/code/frontend/node_modules/react-router/dist/development/chunk-K6AXKMTT.mjs:4355:26)
    at Routes (file:///home/aliahmad/2025-csc1049-ahmada5-noted/code/frontend/node_modules/react-router/dist/development/chunk-K6AXKMTT.mjs:5042:3)
    at div
    at div
    at ThemeProvider (/home/aliahmad/2025-csc1049-ahmada5-noted/code/frontend/src/components/ThemeProvider.jsx:4:26)
    at Router (file:///home/aliahmad/2025-csc1049-ahmada5-noted/code/frontend/node_modules/react-router/dist/development/chunk-K6AXKMTT.mjs:4985:13)
    at MemoryRouter (file:///home/aliahmad/2025-csc1049-ahmada5-noted/code/frontend/node_modules/react-router/dist/development/chunk-K6AXKMTT.mjs:4907:3)
    at Provider (file:///home/aliahmad/2025-csc1049-ahmada5-noted/code/frontend/node_modules/react-redux/dist/react-redux.mjs:875:11)
    at Wrapper (/home/aliahmad/2025-csc1049-ahmada5-noted/code/frontend/tests/test-utils.jsx:42:22)
Warning: An update to NotePage inside a test was not wrapped in act(...).

When testing, code that causes React state updates should be wrapped into act(...):

act(() =&gt; {
  /* fire events that update state */
});
/* assert on the output */

This ensures that you&apos;re testing the behavior the user would see in the browser. Learn more at https://reactjs.org/link/wrap-tests-with-act
    at NotePage (/home/aliahmad/2025-csc1049-ahmada5-noted/code/frontend/src/pages/NotePage.jsx:16:53)
    at RenderedRoute (file:///home/aliahmad/2025-csc1049-ahmada5-noted/code/frontend/node_modules/react-router/dist/development/chunk-K6AXKMTT.mjs:4355:26)
    at Routes (file:///home/aliahmad/2025-csc1049-ahmada5-noted/code/frontend/node_modules/react-router/dist/development/chunk-K6AXKMTT.mjs:5042:3)
    at div
    at div
    at ThemeProvider (/home/aliahmad/2025-csc1049-ahmada5-noted/code/frontend/src/components/ThemeProvider.jsx:4:26)
    at Router (file:///home/aliahmad/2025-csc1049-ahmada5-noted/code/frontend/node_modules/react-router/dist/development/chunk-K6AXKMTT.mjs:4985:13)
    at MemoryRouter (file:///home/aliahmad/2025-csc1049-ahmada5-noted/code/frontend/node_modules/react-router/dist/development/chunk-K6AXKMTT.mjs:4907:3)
    at Provider (file:///home/aliahmad/2025-csc1049-ahmada5-noted/code/frontend/node_modules/react-redux/dist/react-redux.mjs:875:11)
    at Wrapper (/home/aliahmad/2025-csc1049-ahmada5-noted/code/frontend/tests/test-utils.jsx:42:22)
Warning: An update to NotePage inside a test was not wrapped in act(...).

When testing, code that causes React state updates should be wrapped into act(...):

act(() =&gt; {
  /* fire events that update state */
});
/* assert on the output */

This ensures that you&apos;re testing the behavior the user would see in the browser. Learn more at https://reactjs.org/link/wrap-tests-with-act
    at NotePage (/home/aliahmad/2025-csc1049-ahmada5-noted/code/frontend/src/pages/NotePage.jsx:16:53)
    at RenderedRoute (file:///home/aliahmad/2025-csc1049-ahmada5-noted/code/frontend/node_modules/react-router/dist/development/chunk-K6AXKMTT.mjs:4355:26)
    at Routes (file:///home/aliahmad/2025-csc1049-ahmada5-noted/code/frontend/node_modules/react-router/dist/development/chunk-K6AXKMTT.mjs:5042:3)
    at div
    at div
    at ThemeProvider (/home/aliahmad/2025-csc1049-ahmada5-noted/code/frontend/src/components/ThemeProvider.jsx:4:26)
    at Router (file:///home/aliahmad/2025-csc1049-ahmada5-noted/code/frontend/node_modules/react-router/dist/development/chunk-K6AXKMTT.mjs:4985:13)
    at MemoryRouter (file:///home/aliahmad/2025-csc1049-ahmada5-noted/code/frontend/node_modules/react-router/dist/development/chunk-K6AXKMTT.mjs:4907:3)
    at Provider (file:///home/aliahmad/2025-csc1049-ahmada5-noted/code/frontend/node_modules/react-redux/dist/react-redux.mjs:875:11)
    at Wrapper (/home/aliahmad/2025-csc1049-ahmada5-noted/code/frontend/tests/test-utils.jsx:42:22)

            </system-err>
        </testcase>
    </testsuite>
    <testsuite name="tests/pages/SignIn.test.jsx" timestamp="2025-02-12T21:36:10.523Z" hostname="Ali-Laptop" tests="9" failures="0" errors="0" skipped="0" time="2.225195151">
        <testcase classname="tests/pages/SignIn.test.jsx" name="SignIn Component &gt; Rendering &gt; renders all form elements correctly" time="0.273753781">
        </testcase>
        <testcase classname="tests/pages/SignIn.test.jsx" name="SignIn Component &gt; Rendering &gt; includes OAuth component" time="0.067735232">
        </testcase>
        <testcase classname="tests/pages/SignIn.test.jsx" name="SignIn Component &gt; Navigation &gt; redirects to home when user is already authenticated" time="0.031915294">
        </testcase>
        <testcase classname="tests/pages/SignIn.test.jsx" name="SignIn Component &gt; Navigation &gt; redirects to signup page with CLI parameters" time="0.115872017">
        </testcase>
        <testcase classname="tests/pages/SignIn.test.jsx" name="SignIn Component &gt; Form Submission &gt; shows error when submitting empty form" time="0.083567324">
        </testcase>
        <testcase classname="tests/pages/SignIn.test.jsx" name="SignIn Component &gt; Form Submission &gt; handles successful login and redirects to home" time="0.53549514">
        </testcase>
        <testcase classname="tests/pages/SignIn.test.jsx" name="SignIn Component &gt; Form Submission &gt; handles CLI mode login correctly" time="0.489412252">
        </testcase>
        <testcase classname="tests/pages/SignIn.test.jsx" name="SignIn Component &gt; Form Submission &gt; handles failed login attempt" time="0.553143181">
        </testcase>
        <testcase classname="tests/pages/SignIn.test.jsx" name="SignIn Component &gt; Loading State &gt; shows loading spinner when submitting form" time="0.069807211">
        </testcase>
    </testsuite>
    <testsuite name="tests/pages/SignUp.test.jsx" timestamp="2025-02-12T21:36:10.526Z" hostname="Ali-Laptop" tests="9" failures="0" errors="0" skipped="0" time="3.185244601">
        <testcase classname="tests/pages/SignUp.test.jsx" name="SignUp Component &gt; Rendering &gt; renders all form elements correctly" time="0.283714028">
        </testcase>
        <testcase classname="tests/pages/SignUp.test.jsx" name="SignUp Component &gt; Rendering &gt; includes OAuth component" time="0.067031214">
        </testcase>
        <testcase classname="tests/pages/SignUp.test.jsx" name="SignUp Component &gt; Navigation &gt; redirects to home when user is already authenticated" time="0.03368654">
        </testcase>
        <testcase classname="tests/pages/SignUp.test.jsx" name="SignUp Component &gt; Navigation &gt; redirects to signin page with CLI parameters" time="0.102406217">
        </testcase>
        <testcase classname="tests/pages/SignUp.test.jsx" name="SignUp Component &gt; Form Submission &gt; shows error when submitting empty form" time="0.078822226">
        </testcase>
        <testcase classname="tests/pages/SignUp.test.jsx" name="SignUp Component &gt; Form Submission &gt; handles successful registration and redirects to home" time="1.00609354">
        </testcase>
        <testcase classname="tests/pages/SignUp.test.jsx" name="SignUp Component &gt; Form Submission &gt; handles CLI mode registration correctly" time="0.900573692">
        </testcase>
        <testcase classname="tests/pages/SignUp.test.jsx" name="SignUp Component &gt; Form Submission &gt; handles failed registration attempt" time="0.672157081">
        </testcase>
        <testcase classname="tests/pages/SignUp.test.jsx" name="SignUp Component &gt; Loading State &gt; shows loading spinner when submitting form" time="0.036511853">
        </testcase>
    </testsuite>
    <testsuite name="tests/utils/diff.test.js" timestamp="2025-02-12T21:36:10.529Z" hostname="Ali-Laptop" tests="16" failures="0" errors="0" skipped="0" time="0.011513577">
        <testcase classname="tests/utils/diff.test.js" name="diff_match_patch delta extensions &gt; diff_toDelta &gt; handles basic insertions" time="0.001582326">
        </testcase>
        <testcase classname="tests/utils/diff.test.js" name="diff_match_patch delta extensions &gt; diff_toDelta &gt; handles basic deletions" time="0.000290209">
        </testcase>
        <testcase classname="tests/utils/diff.test.js" name="diff_match_patch delta extensions &gt; diff_toDelta &gt; handles basic equality" time="0.000195183">
        </testcase>
        <testcase classname="tests/utils/diff.test.js" name="diff_match_patch delta extensions &gt; diff_toDelta &gt; handles special characters" time="0.000207543">
        </testcase>
        <testcase classname="tests/utils/diff.test.js" name="diff_match_patch delta extensions &gt; diff_fromDelta &gt; handles basic insertions" time="0.001258468">
        </testcase>
        <testcase classname="tests/utils/diff.test.js" name="diff_match_patch delta extensions &gt; diff_fromDelta &gt; handles basic deletions" time="0.000326208">
        </testcase>
        <testcase classname="tests/utils/diff.test.js" name="diff_match_patch delta extensions &gt; diff_fromDelta &gt; handles basic equality" time="0.000236623">
        </testcase>
        <testcase classname="tests/utils/diff.test.js" name="diff_match_patch delta extensions &gt; diff_fromDelta &gt; handles mixed operations" time="0.000331615">
        </testcase>
        <testcase classname="tests/utils/diff.test.js" name="diff_match_patch delta extensions &gt; diff_fromDelta &gt; throws error on invalid delta" time="0.001586987">
        </testcase>
        <testcase classname="tests/utils/diff.test.js" name="diff_match_patch delta extensions &gt; diff_fromDelta &gt; throws error on invalid length" time="0.000403476">
        </testcase>
        <testcase classname="tests/utils/diff.test.js" name="Version control utilities &gt; shouldCreateSnapshot &gt; returns true for version numbers divisible by 10" time="0.000194537">
        </testcase>
        <testcase classname="tests/utils/diff.test.js" name="Version control utilities &gt; shouldCreateSnapshot &gt; returns false for version numbers not divisible by 10" time="0.000122922">
        </testcase>
        <testcase classname="tests/utils/diff.test.js" name="Version control utilities &gt; buildVersionContent &gt; returns empty string for empty chain" time="0.000194301">
        </testcase>
        <testcase classname="tests/utils/diff.test.js" name="Version control utilities &gt; buildVersionContent &gt; returns snapshot content when chain only contains snapshot" time="0.000117625">
        </testcase>
        <testcase classname="tests/utils/diff.test.js" name="Version control utilities &gt; buildVersionContent &gt; applies diffs correctly" time="0.000878412">
        </testcase>
        <testcase classname="tests/utils/diff.test.js" name="Version control utilities &gt; buildVersionContent &gt; returns empty string when chain doesn&apos;t start with snapshot" time="0.000902431">
            <system-err>
Warning: Chain doesn&apos;t start with snapshot (starts with diff)

            </system-err>
        </testcase>
    </testsuite>
</testsuites>
