<?xml version="1.0" encoding="UTF-8" ?>
<testsuites name="vitest tests" tests="131" failures="0" errors="0" time="19.545478103">
    <testsuite name="tests/components/EditorStatusBar.test.jsx" timestamp="2025-02-18T16:57:58.518Z" hostname="Ali-Laptop" tests="1" failures="0" errors="0" skipped="0" time="0.145187316">
        <testcase classname="tests/components/EditorStatusBar.test.jsx" name="EditorStatusBar &gt; Rendering &gt; renders all editor options" time="0.141814775">
        </testcase>
    </testsuite>
    <testsuite name="tests/components/Header.test.jsx" timestamp="2025-02-18T16:57:58.520Z" hostname="Ali-Laptop" tests="9" failures="0" errors="0" skipped="0" time="1.364688281">
        <testcase classname="tests/components/Header.test.jsx" name="Header Component &gt; Theme Toggle &gt; toggles theme between light and dark" time="0.294646945">
        </testcase>
        <testcase classname="tests/components/Header.test.jsx" name="Header Component &gt; Navigation &gt; navigates to correct routes when clicking nav links" time="0.094026627">
        </testcase>
        <testcase classname="tests/components/Header.test.jsx" name="Header Component &gt; Authentication State &gt; shows sign in button when user is not authenticated" time="0.037777469">
        </testcase>
        <testcase classname="tests/components/Header.test.jsx" name="Header Component &gt; Authentication State &gt; shows logout button and handles logout when user is authenticated" time="0.142972176">
        </testcase>
        <testcase classname="tests/components/Header.test.jsx" name="Header Component &gt; Note Creation Modal &gt; opens note creation modal when authenticated user clicks new note" time="0.210858462">
        </testcase>
        <testcase classname="tests/components/Header.test.jsx" name="Header Component &gt; Note Creation Modal &gt; redirects to signin when unauthenticated user clicks new note" time="0.059791807">
        </testcase>
        <testcase classname="tests/components/Header.test.jsx" name="Header Component &gt; View Mode Controls &gt; shows view mode controls only on note pages" time="0.097356386">
        </testcase>
        <testcase classname="tests/components/Header.test.jsx" name="Header Component &gt; View Mode Controls &gt; changes view mode when clicking view mode buttons" time="0.095590618">
        </testcase>
        <testcase classname="tests/components/Header.test.jsx" name="Header Component &gt; Version History &gt; opens version history modal when clicking history button" time="0.322280012">
            <system-err>
Failed to decrypt version content: DOMException [InvalidCharacterError]: The string to be decoded is not correctly encoded.
[90m    at atob (node:buffer:1304:13)[39m
    at EncryptionService.base64ToArray [90m(/home/aliahmad/2025-csc1049-ahmada5-noted/code/frontend/[39msrc/utils/encryption.js:27:31[90m)[39m
    at EncryptionService.unwrapNoteCipherKey [90m(/home/aliahmad/2025-csc1049-ahmada5-noted/code/frontend/[39msrc/utils/encryption.js:225:21[90m)[39m
    at decryptVersionContent [90m(/home/aliahmad/2025-csc1049-ahmada5-noted/code/frontend/[39msrc/utils/diff.js:111:51[90m)[39m
    at fetchVersions [90m(/home/aliahmad/2025-csc1049-ahmada5-noted/code/frontend/[39msrc/components/Version/VersionHistoryModal.jsx:49:29[90m)[39m

Failed to fetch versions: Error: Failed to decrypt version content
    at decryptVersionContent [90m(/home/aliahmad/2025-csc1049-ahmada5-noted/code/frontend/[39msrc/utils/diff.js:115:11[90m)[39m
    at fetchVersions [90m(/home/aliahmad/2025-csc1049-ahmada5-noted/code/frontend/[39msrc/components/Version/VersionHistoryModal.jsx:49:23[90m)[39m

            </system-err>
        </testcase>
    </testsuite>
    <testsuite name="tests/components/NoteCard.test.jsx" timestamp="2025-02-18T16:57:58.525Z" hostname="Ali-Laptop" tests="8" failures="0" errors="0" skipped="0" time="0.9939088">
        <testcase classname="tests/components/NoteCard.test.jsx" name="NoteCard Component &gt; Rendering &gt; renders basic note information correctly" time="0.226988101">
            <system-err>
Warning: Failed prop type: The prop `onDelete` is marked as required in `NoteCard`, but its value is `undefined`.
    at NoteCard (/home/aliahmad/2025-csc1049-ahmada5-noted/code/frontend/src/components/Notes/NoteCard.jsx:8:21)

            </system-err>
        </testcase>
        <testcase classname="tests/components/NoteCard.test.jsx" name="NoteCard Component &gt; renders initial tags with &quot;more&quot; button when there are more than MAX_VISIBLE_TAGS" time="0.035128706">
        </testcase>
        <testcase classname="tests/components/NoteCard.test.jsx" name="NoteCard Component &gt; renders all tags when note has fewer than MAX_VISIBLE_TAGS" time="0.020973484">
        </testcase>
        <testcase classname="tests/components/NoteCard.test.jsx" name="NoteCard Component &gt; Interactions &gt; calls onClick when clicking the card" time="0.060725839">
        </testcase>
        <testcase classname="tests/components/NoteCard.test.jsx" name="NoteCard Component &gt; Interactions &gt; calls onTagClick when clicking a tag" time="0.038249563">
        </testcase>
        <testcase classname="tests/components/NoteCard.test.jsx" name="NoteCard Component &gt; Interactions &gt; opens edit modal when clicking edit button" time="0.214541727">
        </testcase>
        <testcase classname="tests/components/NoteCard.test.jsx" name="NoteCard Component &gt; Interactions &gt; shows and hides all tags modal" time="0.122354244">
        </testcase>
        <testcase classname="tests/components/NoteCard.test.jsx" name="NoteCard Component &gt; Interactions &gt; prevents event propagation when clicking interactive elements" time="0.270302211">
        </testcase>
    </testsuite>
    <testsuite name="tests/components/NoteModal.test.jsx" timestamp="2025-02-18T16:57:58.530Z" hostname="Ali-Laptop" tests="8" failures="0" errors="0" skipped="0" time="1.603013835">
        <testcase classname="tests/components/NoteModal.test.jsx" name="NoteModal Component &gt; Create Mode &gt; renders create note form correctly" time="0.319396773">
        </testcase>
        <testcase classname="tests/components/NoteModal.test.jsx" name="NoteModal Component &gt; Create Mode &gt; handles title input" time="0.094689812">
        </testcase>
        <testcase classname="tests/components/NoteModal.test.jsx" name="NoteModal Component &gt; Create Mode &gt; handles tags input" time="0.126793538">
        </testcase>
        <testcase classname="tests/components/NoteModal.test.jsx" name="NoteModal Component &gt; Create Mode &gt; enables submit button when title is provided" time="0.090897381">
        </testcase>
        <testcase classname="tests/components/NoteModal.test.jsx" name="NoteModal Component &gt; Edit Mode &gt; renders edit note form correctly" time="0.116430339">
            <system-err>
Warning: Failed prop type: The prop `noteData.cipherKey` is marked as required in `NoteModal`, but its value is `undefined`.
    at NoteModal (/home/aliahmad/2025-csc1049-ahmada5-noted/code/frontend/src/components/Notes/NoteModal.jsx:15:22)

            </system-err>
        </testcase>
        <testcase classname="tests/components/NoteModal.test.jsx" name="NoteModal Component &gt; Edit Mode &gt; pre-fills form with note data" time="0.09113874">
        </testcase>
        <testcase classname="tests/components/NoteModal.test.jsx" name="NoteModal Component &gt; Edit Mode &gt; updates form fields correctly" time="0.165356962">
        </testcase>
        <testcase classname="tests/components/NoteModal.test.jsx" name="NoteModal Component &gt; Form Submission &gt; handles create note submission" time="0.593861336">
        </testcase>
    </testsuite>
    <testsuite name="tests/components/NotePreview.test.jsx" timestamp="2025-02-18T16:57:58.534Z" hostname="Ali-Laptop" tests="7" failures="0" errors="0" skipped="0" time="0.635263521">
        <testcase classname="tests/components/NotePreview.test.jsx" name="NotePreview Component &gt; Markdown Rendering &gt; renders basic markdown elements correctly" time="0.207643175">
        </testcase>
        <testcase classname="tests/components/NotePreview.test.jsx" name="NotePreview Component &gt; Markdown Rendering &gt; renders task lists correctly" time="0.198080864">
        </testcase>
        <testcase classname="tests/components/NotePreview.test.jsx" name="NotePreview Component &gt; Markdown Rendering &gt; renders inline code correctly" time="0.012804205">
        </testcase>
        <testcase classname="tests/components/NotePreview.test.jsx" name="NotePreview Component &gt; Markdown Rendering &gt; renders links correctly" time="0.054782566">
        </testcase>
        <testcase classname="tests/components/NotePreview.test.jsx" name="NotePreview Component &gt; Markdown Rendering &gt; renders tables correctly" time="0.039915366">
        </testcase>
        <testcase classname="tests/components/NotePreview.test.jsx" name="NotePreview Component &gt; Advanced Markdown Features &gt; renders strikethrough text" time="0.053018859">
        </testcase>
        <testcase classname="tests/components/NotePreview.test.jsx" name="NotePreview Component &gt; Advanced Markdown Features &gt; renders definition lists" time="0.065290396">
        </testcase>
    </testsuite>
    <testsuite name="tests/components/OAuth.test.jsx" timestamp="2025-02-18T16:57:58.536Z" hostname="Ali-Laptop" tests="6" failures="0" errors="0" skipped="0" time="0.469338571">
        <testcase classname="tests/components/OAuth.test.jsx" name="OAuth Component &gt; renders OAuth buttons" time="0.214536394">
        </testcase>
        <testcase classname="tests/components/OAuth.test.jsx" name="OAuth Component &gt; handles Google OAuth redirect without CLI mode" time="0.0800892">
        </testcase>
        <testcase classname="tests/components/OAuth.test.jsx" name="OAuth Component &gt; handles GitHub OAuth redirect without CLI mode" time="0.037932093">
        </testcase>
        <testcase classname="tests/components/OAuth.test.jsx" name="OAuth Component &gt; handles Google OAuth redirect with CLI mode" time="0.076795458">
        </testcase>
        <testcase classname="tests/components/OAuth.test.jsx" name="OAuth Component &gt; handles GitHub OAuth redirect with CLI mode" time="0.044473956">
        </testcase>
        <testcase classname="tests/components/OAuth.test.jsx" name="OAuth Component &gt; preserves query parameters across route changes" time="0.012444533">
        </testcase>
    </testsuite>
    <testsuite name="tests/components/SearchBar.test.jsx" timestamp="2025-02-18T16:57:58.539Z" hostname="Ali-Laptop" tests="5" failures="0" errors="0" skipped="0" time="0.357508822">
        <testcase classname="tests/components/SearchBar.test.jsx" name="SearchBar Component &gt; Rendering &gt; renders both search inputs correctly" time="0.072788499">
        </testcase>
        <testcase classname="tests/components/SearchBar.test.jsx" name="SearchBar Component &gt; Rendering &gt; renders with initial values" time="0.009315819">
        </testcase>
        <testcase classname="tests/components/SearchBar.test.jsx" name="SearchBar Component &gt; Interactions &gt; calls onKeywordChange when typing in keyword search" time="0.179903611">
        </testcase>
        <testcase classname="tests/components/SearchBar.test.jsx" name="SearchBar Component &gt; Interactions &gt; calls onTagChange when typing in tag search" time="0.058942652">
        </testcase>
        <testcase classname="tests/components/SearchBar.test.jsx" name="SearchBar Component &gt; Interactions &gt; handles empty input values" time="0.030603355">
        </testcase>
    </testsuite>
    <testsuite name="tests/components/SortControls.test.jsx" timestamp="2025-02-18T16:57:58.543Z" hostname="Ali-Laptop" tests="4" failures="0" errors="0" skipped="0" time="0.393790887">
        <testcase classname="tests/components/SortControls.test.jsx" name="SortControls Component &gt; renders all sort buttons" time="0.247890154">
        </testcase>
        <testcase classname="tests/components/SortControls.test.jsx" name="SortControls Component &gt; highlights active sort button" time="0.027268103">
        </testcase>
        <testcase classname="tests/components/SortControls.test.jsx" name="SortControls Component &gt; calls onSortByChange when clicking sort buttons" time="0.069274668">
        </testcase>
        <testcase classname="tests/components/SortControls.test.jsx" name="SortControls Component &gt; calls onSortOrderChange when clicking order toggle" time="0.04689968">
        </testcase>
    </testsuite>
    <testsuite name="tests/components/ThemeProvider.test.jsx" timestamp="2025-02-18T16:57:58.545Z" hostname="Ali-Laptop" tests="4" failures="0" errors="0" skipped="0" time="0.095884028">
        <testcase classname="tests/components/ThemeProvider.test.jsx" name="ThemeProvider &gt; Theme Application &gt; applies light theme by default" time="0.067552432">
        </testcase>
        <testcase classname="tests/components/ThemeProvider.test.jsx" name="ThemeProvider &gt; Theme Application &gt; applies dark theme when selected" time="0.007440249">
        </testcase>
        <testcase classname="tests/components/ThemeProvider.test.jsx" name="ThemeProvider &gt; Content Rendering &gt; renders children correctly" time="0.011808833">
        </testcase>
        <testcase classname="tests/components/ThemeProvider.test.jsx" name="ThemeProvider &gt; Content Rendering &gt; applies correct background and text colors" time="0.006018667">
        </testcase>
    </testsuite>
    <testsuite name="tests/components/Toolbar.test.jsx" timestamp="2025-02-18T16:57:58.547Z" hostname="Ali-Laptop" tests="2" failures="0" errors="0" skipped="0" time="0.841530322">
        <testcase classname="tests/components/Toolbar.test.jsx" name="Toolbar &gt; Basic Rendering &gt; renders basic formatting buttons" time="0.438953721">
        </testcase>
        <testcase classname="tests/components/Toolbar.test.jsx" name="Toolbar &gt; Basic Actions &gt; handles bold button click" time="0.336367628">
        </testcase>
    </testsuite>
    <testsuite name="tests/components/UnlockModal.test.jsx" timestamp="2025-02-18T16:57:58.548Z" hostname="Ali-Laptop" tests="3" failures="0" errors="0" skipped="0" time="0.78112081">
        <testcase classname="tests/components/UnlockModal.test.jsx" name="UnlockModal &gt; renders modal with correct elements" time="0.311120696">
        </testcase>
        <testcase classname="tests/components/UnlockModal.test.jsx" name="UnlockModal &gt; successfully unlocks with correct password" time="0.266452746">
        </testcase>
        <testcase classname="tests/components/UnlockModal.test.jsx" name="UnlockModal &gt; shows error with incorrect password" time="0.201661719">
            <system-err>
Error unlocking noted: Error: Incorrect master password
    at handleSubmit [90m(/home/aliahmad/2025-csc1049-ahmada5-noted/code/frontend/[39msrc/components/Encryption/UnlockModal.jsx:40:15[90m)[39m
[90m    at processTicksAndRejections (node:internal/process/task_queues:105:5)[39m

            </system-err>
        </testcase>
    </testsuite>
    <testsuite name="tests/components/VersionHistoryModal.test.jsx" timestamp="2025-02-18T16:57:58.550Z" hostname="Ali-Laptop" tests="4" failures="0" errors="0" skipped="0" time="1.232763636">
        <testcase classname="tests/components/VersionHistoryModal.test.jsx" name="VersionHistoryModal &gt; Loading States &gt; shows loading state initially" time="0.390247853">
        </testcase>
        <testcase classname="tests/components/VersionHistoryModal.test.jsx" name="VersionHistoryModal &gt; Loading States &gt; loads and displays versions when modal is shown" time="0.185825694">
        </testcase>
        <testcase classname="tests/components/VersionHistoryModal.test.jsx" name="VersionHistoryModal &gt; Version Interaction &gt; handles version selection and comparison" time="0.429036196">
        </testcase>
        <testcase classname="tests/components/VersionHistoryModal.test.jsx" name="VersionHistoryModal &gt; Version Interaction &gt; enables compare button when version is selected" time="0.224893162">
        </testcase>
    </testsuite>
    <testsuite name="tests/pages/About.test.jsx" timestamp="2025-02-18T16:57:58.552Z" hostname="Ali-Laptop" tests="1" failures="0" errors="0" skipped="0" time="0.185802734">
        <testcase classname="tests/pages/About.test.jsx" name="About Component &gt; renders the welcome and features paragraphs" time="0.182806998">
            <system-err>
Warning: validateDOMNesting(...): &lt;ul&gt; cannot appear as a descendant of &lt;p&gt;.
    at ul
    at p
    at div
    at div
    at section
    at div
    at div
    at div
    at About
    at RenderedRoute (file:///home/aliahmad/2025-csc1049-ahmada5-noted/code/frontend/node_modules/react-router/dist/development/chunk-K6AXKMTT.mjs:4355:26)
    at Routes (file:///home/aliahmad/2025-csc1049-ahmada5-noted/code/frontend/node_modules/react-router/dist/development/chunk-K6AXKMTT.mjs:5042:3)
    at div
    at div
    at ThemeProvider (/home/aliahmad/2025-csc1049-ahmada5-noted/code/frontend/src/components/ThemeProvider.jsx:4:26)
    at Router (file:///home/aliahmad/2025-csc1049-ahmada5-noted/code/frontend/node_modules/react-router/dist/development/chunk-K6AXKMTT.mjs:4985:13)
    at MemoryRouter (file:///home/aliahmad/2025-csc1049-ahmada5-noted/code/frontend/node_modules/react-router/dist/development/chunk-K6AXKMTT.mjs:4907:3)
    at Provider (file:///home/aliahmad/2025-csc1049-ahmada5-noted/code/frontend/node_modules/react-redux/dist/react-redux.mjs:875:11)
    at Wrapper (/home/aliahmad/2025-csc1049-ahmada5-noted/code/frontend/tests/test-utils.jsx:42:22)

            </system-err>
        </testcase>
    </testsuite>
    <testsuite name="tests/pages/DemoPage.test.jsx" timestamp="2025-02-18T16:57:58.554Z" hostname="Ali-Laptop" tests="4" failures="0" errors="0" skipped="0" time="0.103469472">
        <testcase classname="tests/pages/DemoPage.test.jsx" name="DemoPage &gt; Rendering &gt; renders editor in edit mode" time="0.077268563">
        </testcase>
        <testcase classname="tests/pages/DemoPage.test.jsx" name="DemoPage &gt; Rendering &gt; renders preview in preview mode" time="0.011368991">
        </testcase>
        <testcase classname="tests/pages/DemoPage.test.jsx" name="DemoPage &gt; Rendering &gt; renders both editor and preview in split mode" time="0.00625466">
        </testcase>
        <testcase classname="tests/pages/DemoPage.test.jsx" name="DemoPage &gt; Rendering &gt; applies correct layout classes in split mode" time="0.006215942">
        </testcase>
    </testsuite>
    <testsuite name="tests/pages/ForgotPassword.test.jsx" timestamp="2025-02-18T16:57:58.556Z" hostname="Ali-Laptop" tests="5" failures="0" errors="0" skipped="0" time="0.438962943">
        <testcase classname="tests/pages/ForgotPassword.test.jsx" name="ForgotPassword &gt; renders forgot password form" time="0.233391024">
        </testcase>
        <testcase classname="tests/pages/ForgotPassword.test.jsx" name="ForgotPassword &gt; successfully sends reset link" time="0.089472954">
        </testcase>
        <testcase classname="tests/pages/ForgotPassword.test.jsx" name="ForgotPassword &gt; shows error message on request failure" time="0.06302199">
        </testcase>
        <testcase classname="tests/pages/ForgotPassword.test.jsx" name="ForgotPassword &gt; shows loading state while submitting" time="0.034552448">
        </testcase>
        <testcase classname="tests/pages/ForgotPassword.test.jsx" name="ForgotPassword &gt; requires valid email format" time="0.01535547">
        </testcase>
    </testsuite>
    <testsuite name="tests/pages/NotFound.test.jsx" timestamp="2025-02-18T16:57:58.559Z" hostname="Ali-Laptop" tests="3" failures="0" errors="0" skipped="0" time="0.079159811">
        <testcase classname="tests/pages/NotFound.test.jsx" name="NotFound Component &gt; Rendering &gt; renders 404 page elements correctly" time="0.062164681">
        </testcase>
        <testcase classname="tests/pages/NotFound.test.jsx" name="NotFound Component &gt; Routing &gt; shows NotFound when accessing an unregistered route" time="0.007623448">
        </testcase>
        <testcase classname="tests/pages/NotFound.test.jsx" name="NotFound Component &gt; Routing &gt; does not show NotFound for registered routes" time="0.007413933">
        </testcase>
    </testsuite>
    <testsuite name="tests/pages/NotePage.test.jsx" timestamp="2025-02-18T16:57:58.561Z" hostname="Ali-Laptop" tests="6" failures="0" errors="0" skipped="0" time="3.536802572">
        <testcase classname="tests/pages/NotePage.test.jsx" name="NotePage &gt; NotePage Authentication &gt; Authentication Protection &gt; redirects to signin when user is not authenticated" time="1.054871914">
        </testcase>
        <testcase classname="tests/pages/NotePage.test.jsx" name="NotePage &gt; NotePage Authentication &gt; Authentication Protection &gt; allows access when user is authenticated" time="1.081510441">
        </testcase>
        <testcase classname="tests/pages/NotePage.test.jsx" name="NotePage &gt; Version Control &gt; initializes with latest version" time="0.738965779">
        </testcase>
        <testcase classname="tests/pages/NotePage.test.jsx" name="NotePage &gt; View Mode Rendering &gt; renders editor only in edit mode" time="0.352958298">
        </testcase>
        <testcase classname="tests/pages/NotePage.test.jsx" name="NotePage &gt; View Mode Rendering &gt; renders both editor and preview in split mode" time="0.21172023">
            <system-err>
Warning: An update to NotePage inside a test was not wrapped in act(...).

When testing, code that causes React state updates should be wrapped into act(...):

act(() =&gt; {
  /* fire events that update state */
});
/* assert on the output */

This ensures that you&apos;re testing the behavior the user would see in the browser. Learn more at https://reactjs.org/link/wrap-tests-with-act
    at NotePage (/home/aliahmad/2025-csc1049-ahmada5-noted/code/frontend/src/pages/NotePage.jsx:17:53)
    at RenderedRoute (file:///home/aliahmad/2025-csc1049-ahmada5-noted/code/frontend/node_modules/react-router/dist/development/chunk-K6AXKMTT.mjs:4355:26)
    at Routes (file:///home/aliahmad/2025-csc1049-ahmada5-noted/code/frontend/node_modules/react-router/dist/development/chunk-K6AXKMTT.mjs:5042:3)
    at div
    at div
    at ThemeProvider (/home/aliahmad/2025-csc1049-ahmada5-noted/code/frontend/src/components/ThemeProvider.jsx:4:26)
    at Router (file:///home/aliahmad/2025-csc1049-ahmada5-noted/code/frontend/node_modules/react-router/dist/development/chunk-K6AXKMTT.mjs:4985:13)
    at MemoryRouter (file:///home/aliahmad/2025-csc1049-ahmada5-noted/code/frontend/node_modules/react-router/dist/development/chunk-K6AXKMTT.mjs:4907:3)
    at Provider (file:///home/aliahmad/2025-csc1049-ahmada5-noted/code/frontend/node_modules/react-redux/dist/react-redux.mjs:875:11)
    at Wrapper (/home/aliahmad/2025-csc1049-ahmada5-noted/code/frontend/tests/test-utils.jsx:42:22)

            </system-err>
        </testcase>
        <testcase classname="tests/pages/NotePage.test.jsx" name="NotePage &gt; View Mode Rendering &gt; renders preview only in preview mode" time="0.073153394">
            <system-err>
Warning: An update to NotePage inside a test was not wrapped in act(...).

When testing, code that causes React state updates should be wrapped into act(...):

act(() =&gt; {
  /* fire events that update state */
});
/* assert on the output */

This ensures that you&apos;re testing the behavior the user would see in the browser. Learn more at https://reactjs.org/link/wrap-tests-with-act
    at NotePage (/home/aliahmad/2025-csc1049-ahmada5-noted/code/frontend/src/pages/NotePage.jsx:17:53)
    at RenderedRoute (file:///home/aliahmad/2025-csc1049-ahmada5-noted/code/frontend/node_modules/react-router/dist/development/chunk-K6AXKMTT.mjs:4355:26)
    at Routes (file:///home/aliahmad/2025-csc1049-ahmada5-noted/code/frontend/node_modules/react-router/dist/development/chunk-K6AXKMTT.mjs:5042:3)
    at div
    at div
    at ThemeProvider (/home/aliahmad/2025-csc1049-ahmada5-noted/code/frontend/src/components/ThemeProvider.jsx:4:26)
    at Router (file:///home/aliahmad/2025-csc1049-ahmada5-noted/code/frontend/node_modules/react-router/dist/development/chunk-K6AXKMTT.mjs:4985:13)
    at MemoryRouter (file:///home/aliahmad/2025-csc1049-ahmada5-noted/code/frontend/node_modules/react-router/dist/development/chunk-K6AXKMTT.mjs:4907:3)
    at Provider (file:///home/aliahmad/2025-csc1049-ahmada5-noted/code/frontend/node_modules/react-redux/dist/react-redux.mjs:875:11)
    at Wrapper (/home/aliahmad/2025-csc1049-ahmada5-noted/code/frontend/tests/test-utils.jsx:42:22)

            </system-err>
        </testcase>
    </testsuite>
    <testsuite name="tests/pages/ResetPassword.test.jsx" timestamp="2025-02-18T16:57:58.565Z" hostname="Ali-Laptop" tests="5" failures="0" errors="0" skipped="0" time="0.524947333">
        <testcase classname="tests/pages/ResetPassword.test.jsx" name="ResetPassword &gt; renders reset password form" time="0.240877565">
        </testcase>
        <testcase classname="tests/pages/ResetPassword.test.jsx" name="ResetPassword &gt; shows error when passwords do not match" time="0.060848209">
        </testcase>
        <testcase classname="tests/pages/ResetPassword.test.jsx" name="ResetPassword &gt; successfully resets password" time="0.073360646">
        </testcase>
        <testcase classname="tests/pages/ResetPassword.test.jsx" name="ResetPassword &gt; shows error message on reset failure" time="0.081788637">
        </testcase>
        <testcase classname="tests/pages/ResetPassword.test.jsx" name="ResetPassword &gt; shows loading state while submitting" time="0.064113875">
        </testcase>
    </testsuite>
    <testsuite name="tests/pages/SignIn.test.jsx" timestamp="2025-02-18T16:57:58.568Z" hostname="Ali-Laptop" tests="9" failures="0" errors="0" skipped="0" time="2.145680519">
        <testcase classname="tests/pages/SignIn.test.jsx" name="SignIn Component &gt; Rendering &gt; renders all form elements correctly" time="0.257771177">
        </testcase>
        <testcase classname="tests/pages/SignIn.test.jsx" name="SignIn Component &gt; Rendering &gt; includes OAuth component" time="0.071510452">
        </testcase>
        <testcase classname="tests/pages/SignIn.test.jsx" name="SignIn Component &gt; Navigation &gt; redirects to home when user is already authenticated" time="0.031893813">
        </testcase>
        <testcase classname="tests/pages/SignIn.test.jsx" name="SignIn Component &gt; Navigation &gt; redirects to signup page with CLI parameters" time="0.111248337">
        </testcase>
        <testcase classname="tests/pages/SignIn.test.jsx" name="SignIn Component &gt; Form Submission &gt; shows error when submitting empty form" time="0.063796638">
        </testcase>
        <testcase classname="tests/pages/SignIn.test.jsx" name="SignIn Component &gt; Form Submission &gt; handles successful login and redirects to home" time="0.544299947">
        </testcase>
        <testcase classname="tests/pages/SignIn.test.jsx" name="SignIn Component &gt; Form Submission &gt; handles CLI mode login correctly" time="0.484196244">
        </testcase>
        <testcase classname="tests/pages/SignIn.test.jsx" name="SignIn Component &gt; Form Submission &gt; handles failed login attempt" time="0.513837308">
        </testcase>
        <testcase classname="tests/pages/SignIn.test.jsx" name="SignIn Component &gt; Loading State &gt; shows loading spinner when submitting form" time="0.062884261">
        </testcase>
    </testsuite>
    <testsuite name="tests/pages/SignUp.test.jsx" timestamp="2025-02-18T16:57:58.571Z" hostname="Ali-Laptop" tests="10" failures="0" errors="0" skipped="0" time="3.549033826">
        <testcase classname="tests/pages/SignUp.test.jsx" name="SignUp Component &gt; Rendering &gt; renders all form elements correctly" time="0.272396626">
        </testcase>
        <testcase classname="tests/pages/SignUp.test.jsx" name="SignUp Component &gt; Rendering &gt; includes OAuth component" time="0.092231246">
        </testcase>
        <testcase classname="tests/pages/SignUp.test.jsx" name="SignUp Component &gt; Navigation &gt; redirects to home when user is already authenticated" time="0.089298975">
        </testcase>
        <testcase classname="tests/pages/SignUp.test.jsx" name="SignUp Component &gt; Navigation &gt; redirects to signin page with CLI parameters" time="0.077944506">
        </testcase>
        <testcase classname="tests/pages/SignUp.test.jsx" name="SignUp Component &gt; Form Submission &gt; shows error when submitting empty form" time="0.073332458">
        </testcase>
        <testcase classname="tests/pages/SignUp.test.jsx" name="SignUp Component &gt; Form Submission &gt; handles successful registration and redirects to home" time="1.002339044">
        </testcase>
        <testcase classname="tests/pages/SignUp.test.jsx" name="SignUp Component &gt; Form Submission &gt; handles master password setup after registration" time="0.126071051">
        </testcase>
        <testcase classname="tests/pages/SignUp.test.jsx" name="SignUp Component &gt; Form Submission &gt; handles CLI mode registration correctly" time="0.869025823">
        </testcase>
        <testcase classname="tests/pages/SignUp.test.jsx" name="SignUp Component &gt; Form Submission &gt; handles failed registration attempt" time="0.861103819">
        </testcase>
        <testcase classname="tests/pages/SignUp.test.jsx" name="SignUp Component &gt; Loading State &gt; shows loading spinner when submitting form" time="0.079399829">
        </testcase>
    </testsuite>
    <testsuite name="tests/utils/diff.test.js" timestamp="2025-02-18T16:57:58.575Z" hostname="Ali-Laptop" tests="17" failures="0" errors="0" skipped="0" time="0.023317339">
        <testcase classname="tests/utils/diff.test.js" name="diff_match_patch delta extensions &gt; diff_toDelta &gt; handles basic insertions" time="0.002223948">
        </testcase>
        <testcase classname="tests/utils/diff.test.js" name="diff_match_patch delta extensions &gt; diff_toDelta &gt; handles basic deletions" time="0.000207093">
        </testcase>
        <testcase classname="tests/utils/diff.test.js" name="diff_match_patch delta extensions &gt; diff_toDelta &gt; handles basic equality" time="0.000142259">
        </testcase>
        <testcase classname="tests/utils/diff.test.js" name="diff_match_patch delta extensions &gt; diff_toDelta &gt; handles special characters" time="0.000168702">
        </testcase>
        <testcase classname="tests/utils/diff.test.js" name="diff_match_patch delta extensions &gt; diff_fromDelta &gt; handles basic insertions" time="0.000782355">
        </testcase>
        <testcase classname="tests/utils/diff.test.js" name="diff_match_patch delta extensions &gt; diff_fromDelta &gt; handles basic deletions" time="0.000194046">
        </testcase>
        <testcase classname="tests/utils/diff.test.js" name="diff_match_patch delta extensions &gt; diff_fromDelta &gt; handles basic equality" time="0.000154018">
        </testcase>
        <testcase classname="tests/utils/diff.test.js" name="diff_match_patch delta extensions &gt; diff_fromDelta &gt; handles mixed operations" time="0.000209382">
        </testcase>
        <testcase classname="tests/utils/diff.test.js" name="diff_match_patch delta extensions &gt; diff_fromDelta &gt; throws error on invalid delta" time="0.000813901">
        </testcase>
        <testcase classname="tests/utils/diff.test.js" name="diff_match_patch delta extensions &gt; diff_fromDelta &gt; throws error on invalid length" time="0.000556433">
        </testcase>
        <testcase classname="tests/utils/diff.test.js" name="Version control utilities &gt; shouldCreateSnapshot &gt; returns true for version numbers divisible by 10" time="0.000193415">
        </testcase>
        <testcase classname="tests/utils/diff.test.js" name="Version control utilities &gt; shouldCreateSnapshot &gt; returns false for version numbers not divisible by 10" time="0.000128055">
        </testcase>
        <testcase classname="tests/utils/diff.test.js" name="Version control utilities &gt; buildVersionContent &gt; returns empty string for empty chain" time="0.000362024">
        </testcase>
        <testcase classname="tests/utils/diff.test.js" name="Version control utilities &gt; buildVersionContent &gt; returns snapshot content when chain only contains snapshot" time="0.000319653">
        </testcase>
        <testcase classname="tests/utils/diff.test.js" name="Version control utilities &gt; buildVersionContent &gt; applies diffs correctly" time="0.001146083">
        </testcase>
        <testcase classname="tests/utils/diff.test.js" name="Version control utilities &gt; buildVersionContent &gt; returns empty string when chain doesn&apos;t start with snapshot" time="0.0012824">
            <system-err>
Warning: Chain doesn&apos;t start with snapshot (starts with diff)

            </system-err>
        </testcase>
        <testcase classname="tests/utils/diff.test.js" name="Version control utilities &gt; buildVersionContent &gt; handles decryption errors gracefully" time="0.01185443">
            <system-err>
Failed to decrypt version content: Error: Decryption failed
    at [90m/home/aliahmad/2025-csc1049-ahmada5-noted/code/frontend/[39mtests/utils/diff.test.js:175:66
    at [90mfile:///home/aliahmad/2025-csc1049-ahmada5-noted/code/frontend/[39mnode_modules/[4m@vitest[24m/runner/dist/index.js:174:14
    at [90mfile:///home/aliahmad/2025-csc1049-ahmada5-noted/code/frontend/[39mnode_modules/[4m@vitest[24m/runner/dist/index.js:561:28
    at [90mfile:///home/aliahmad/2025-csc1049-ahmada5-noted/code/frontend/[39mnode_modules/[4m@vitest[24m/runner/dist/index.js:61:24
    at new Promise (&lt;anonymous&gt;)
    at runWithTimeout [90m(file:///home/aliahmad/2025-csc1049-ahmada5-noted/code/frontend/[39mnode_modules/[4m@vitest[24m/runner/dist/index.js:41:12[90m)[39m
    at runTest [90m(file:///home/aliahmad/2025-csc1049-ahmada5-noted/code/frontend/[39mnode_modules/[4m@vitest[24m/runner/dist/index.js:1140:17[90m)[39m
[90m    at processTicksAndRejections (node:internal/process/task_queues:105:5)[39m
    at runSuite [90m(file:///home/aliahmad/2025-csc1049-ahmada5-noted/code/frontend/[39mnode_modules/[4m@vitest[24m/runner/dist/index.js:1294:15[90m)[39m
    at runSuite [90m(file:///home/aliahmad/2025-csc1049-ahmada5-noted/code/frontend/[39mnode_modules/[4m@vitest[24m/runner/dist/index.js:1294:15[90m)[39m

Failed to decrypt initial snapshot: Error: Failed to decrypt version content
    at decryptVersionContent [90m(/home/aliahmad/2025-csc1049-ahmada5-noted/code/frontend/[39msrc/utils/diff.js:115:11[90m)[39m
[90m    at processTicksAndRejections (node:internal/process/task_queues:105:5)[39m
    at buildVersionContent [90m(/home/aliahmad/2025-csc1049-ahmada5-noted/code/frontend/[39msrc/utils/diff.js:141:15[90m)[39m
    at [90m/home/aliahmad/2025-csc1049-ahmada5-noted/code/frontend/[39mtests/utils/diff.test.js:185:7
    at [90mfile:///home/aliahmad/2025-csc1049-ahmada5-noted/code/frontend/[39mnode_modules/[4m@vitest[24m/runner/dist/index.js:561:22

            </system-err>
        </testcase>
    </testsuite>
    <testsuite name="tests/utils/encryption.test.jsx" timestamp="2025-02-18T16:57:58.582Z" hostname="Ali-Laptop" tests="10" failures="0" errors="0" skipped="0" time="0.044302725">
        <testcase classname="tests/utils/encryption.test.jsx" name="Encryption Service &gt; setup &gt; successfully sets up encryption" time="0.00395702">
        </testcase>
        <testcase classname="tests/utils/encryption.test.jsx" name="Encryption Service &gt; setup &gt; handles setup error" time="0.002696332">
        </testcase>
        <testcase classname="tests/utils/encryption.test.jsx" name="Encryption Service &gt; getMasterPasswordHash &gt; successfully gets master password hash" time="0.000745044">
        </testcase>
        <testcase classname="tests/utils/encryption.test.jsx" name="Encryption Service &gt; getMasterPasswordHash &gt; handles getMasterPasswordHash error" time="0.003297355">
        </testcase>
        <testcase classname="tests/utils/encryption.test.jsx" name="Encryption Service &gt; getProtectedSymmetricKey &gt; successfully gets protected symmetric key" time="0.001215648">
        </testcase>
        <testcase classname="tests/utils/encryption.test.jsx" name="Encryption Service &gt; getProtectedSymmetricKey &gt; handles getProtectedSymmetricKey error" time="0.000950604">
        </testcase>
        <testcase classname="tests/utils/encryption.test.jsx" name="Encryption Service &gt; getIv &gt; successfully gets initialization vector" time="0.000755113">
        </testcase>
        <testcase classname="tests/utils/encryption.test.jsx" name="Encryption Service &gt; getIv &gt; handles getIv error" time="0.01767029">
        </testcase>
        <testcase classname="tests/utils/encryption.test.jsx" name="Encryption Service &gt; encryptionStatus &gt; successfully gets encryption status" time="0.009015008">
        </testcase>
        <testcase classname="tests/utils/encryption.test.jsx" name="Encryption Service &gt; encryptionStatus &gt; handles encryptionStatus error" time="0.001469942">
        </testcase>
    </testsuite>
</testsuites>
